{"/home/travis/build/npmtest/node-npmtest-whacko/test.js":{"path":"/home/travis/build/npmtest/node-npmtest-whacko/test.js","s":{"1":2,"2":2,"3":2,"4":2,"5":2,"6":2,"7":2,"8":1,"9":2,"10":2,"11":1,"12":1,"13":1,"14":1,"15":2,"16":2,"17":2,"18":2,"19":1,"20":1,"21":2,"22":2,"23":2,"24":1,"25":1,"26":1,"27":1,"28":1,"29":1,"30":1,"31":1,"32":1,"33":1,"34":1,"35":1,"36":1,"37":1,"38":1,"39":2,"40":2,"41":1,"42":2,"43":2,"44":1,"45":2,"46":2,"47":1,"48":2,"49":2,"50":1,"51":1,"52":1,"53":1,"54":1},"b":{"1":[2,1,1,1],"2":[1,1,1,1],"3":[1,1],"4":[1,1],"5":[1,1],"6":[1,1],"7":[1,1],"8":[1,1],"9":[1,1],"10":[1,1,1],"11":[1,1],"12":[1,1],"13":[1,1],"14":[1,1],"15":[1,1],"16":[1,1],"17":[1,1]},"f":{"1":2,"2":2,"3":2,"4":2,"5":2,"6":1,"7":1,"8":1,"9":2,"10":2,"11":2,"12":2,"13":1},"fnMap":{"1":{"name":"(anonymous_1)","line":12,"loc":{"start":{"line":12,"column":1},"end":{"line":12,"column":13}}},"2":{"name":"(anonymous_2)","line":19,"loc":{"start":{"line":19,"column":5},"end":{"line":19,"column":17}}},"3":{"name":"(anonymous_3)","line":23,"loc":{"start":{"line":23,"column":24},"end":{"line":23,"column":36}}},"4":{"name":"(anonymous_4)","line":61,"loc":{"start":{"line":61,"column":5},"end":{"line":61,"column":17}}},"5":{"name":"(anonymous_5)","line":82,"loc":{"start":{"line":82,"column":5},"end":{"line":82,"column":17}}},"6":{"name":"(anonymous_6)","line":91,"loc":{"start":{"line":91,"column":77},"end":{"line":94,"column":10}}},"7":{"name":"(anonymous_7)","line":112,"loc":{"start":{"line":112,"column":83},"end":{"line":115,"column":10}},"skip":true},"8":{"name":"(anonymous_8)","line":123,"loc":{"start":{"line":123,"column":77},"end":{"line":126,"column":10}},"skip":true},"9":{"name":"(anonymous_9)","line":139,"loc":{"start":{"line":139,"column":12},"end":{"line":139,"column":40}},"skip":true},"10":{"name":"(anonymous_10)","line":147,"loc":{"start":{"line":147,"column":77},"end":{"line":150,"column":10}},"skip":true},"11":{"name":"(anonymous_11)","line":158,"loc":{"start":{"line":158,"column":83},"end":{"line":161,"column":10}},"skip":true},"12":{"name":"(anonymous_12)","line":169,"loc":{"start":{"line":169,"column":79},"end":{"line":172,"column":10}},"skip":true},"13":{"name":"(anonymous_13)","line":180,"loc":{"start":{"line":180,"column":75},"end":{"line":183,"column":10}},"skip":true}},"statementMap":{"1":{"start":{"line":12,"column":0},"end":{"line":195,"column":5}},"2":{"start":{"line":14,"column":4},"end":{"line":14,"column":14}},"3":{"start":{"line":19,"column":4},"end":{"line":56,"column":9}},"4":{"start":{"line":21,"column":8},"end":{"line":21,"column":19}},"5":{"start":{"line":23,"column":8},"end":{"line":35,"column":13}},"6":{"start":{"line":24,"column":12},"end":{"line":34,"column":13}},"7":{"start":{"line":25,"column":16},"end":{"line":28,"column":30}},"8":{"start":{"line":30,"column":16},"end":{"line":33,"column":27}},"9":{"start":{"line":37,"column":8},"end":{"line":39,"column":21}},"10":{"start":{"line":40,"column":8},"end":{"line":53,"column":9}},"11":{"start":{"line":43,"column":12},"end":{"line":46,"column":14}},"12":{"start":{"line":47,"column":12},"end":{"line":47,"column":18}},"13":{"start":{"line":50,"column":12},"end":{"line":51,"column":46}},"14":{"start":{"line":52,"column":12},"end":{"line":52,"column":18}},"15":{"start":{"line":55,"column":8},"end":{"line":55,"column":35}},"16":{"start":{"line":61,"column":4},"end":{"line":63,"column":9}},"17":{"start":{"line":62,"column":8},"end":{"line":62,"column":15}},"18":{"start":{"line":64,"column":4},"end":{"line":77,"column":5}},"19":{"start":{"line":70,"column":8},"end":{"line":70,"column":14}},"20":{"start":{"line":76,"column":8},"end":{"line":76,"column":14}},"21":{"start":{"line":82,"column":4},"end":{"line":84,"column":9}},"22":{"start":{"line":83,"column":8},"end":{"line":83,"column":15}},"23":{"start":{"line":85,"column":4},"end":{"line":194,"column":5}},"24":{"start":{"line":91,"column":8},"end":{"line":99,"column":10}},"25":{"start":{"line":98,"column":12},"end":{"line":98,"column":35}},"26":{"start":{"line":102,"column":8},"end":{"line":104,"column":63}},"27":{"start":{"line":105,"column":8},"end":{"line":105,"column":14}},"28":{"start":{"line":112,"column":8},"end":{"line":121,"column":10},"skip":true},"29":{"start":{"line":119,"column":12},"end":{"line":119,"column":55},"skip":true},"30":{"start":{"line":120,"column":12},"end":{"line":120,"column":48},"skip":true},"31":{"start":{"line":123,"column":8},"end":{"line":136,"column":10},"skip":true},"32":{"start":{"line":130,"column":12},"end":{"line":130,"column":76},"skip":true},"33":{"start":{"line":131,"column":12},"end":{"line":131,"column":73},"skip":true},"34":{"start":{"line":132,"column":12},"end":{"line":132,"column":74},"skip":true},"35":{"start":{"line":133,"column":12},"end":{"line":133,"column":79},"skip":true},"36":{"start":{"line":134,"column":12},"end":{"line":134,"column":25},"skip":true},"37":{"start":{"line":135,"column":12},"end":{"line":135,"column":45},"skip":true},"38":{"start":{"line":138,"column":8},"end":{"line":145,"column":14},"skip":true},"39":{"start":{"line":143,"column":16},"end":{"line":143,"column":29},"skip":true},"40":{"start":{"line":144,"column":16},"end":{"line":144,"column":55},"skip":true},"41":{"start":{"line":147,"column":8},"end":{"line":156,"column":10},"skip":true},"42":{"start":{"line":154,"column":12},"end":{"line":154,"column":25},"skip":true},"43":{"start":{"line":155,"column":12},"end":{"line":155,"column":45},"skip":true},"44":{"start":{"line":158,"column":8},"end":{"line":167,"column":10},"skip":true},"45":{"start":{"line":165,"column":12},"end":{"line":165,"column":25},"skip":true},"46":{"start":{"line":166,"column":12},"end":{"line":166,"column":48},"skip":true},"47":{"start":{"line":169,"column":8},"end":{"line":178,"column":10},"skip":true},"48":{"start":{"line":176,"column":12},"end":{"line":176,"column":25},"skip":true},"49":{"start":{"line":177,"column":12},"end":{"line":177,"column":46},"skip":true},"50":{"start":{"line":180,"column":8},"end":{"line":189,"column":10},"skip":true},"51":{"start":{"line":187,"column":12},"end":{"line":187,"column":94},"skip":true},"52":{"start":{"line":188,"column":12},"end":{"line":188,"column":48},"skip":true},"53":{"start":{"line":192,"column":8},"end":{"line":192,"column":35},"skip":true},"54":{"start":{"line":193,"column":8},"end":{"line":193,"column":14},"skip":true}},"branchMap":{"1":{"line":25,"type":"binary-expr","locations":[{"start":{"line":25,"column":23},"end":{"line":25,"column":62}},{"start":{"line":26,"column":20},"end":{"line":26,"column":70}},{"start":{"line":27,"column":20},"end":{"line":27,"column":71}},{"start":{"line":28,"column":20},"end":{"line":28,"column":29}}]},"2":{"line":30,"type":"binary-expr","locations":[{"start":{"line":30,"column":23},"end":{"line":30,"column":37}},{"start":{"line":31,"column":20},"end":{"line":31,"column":61}},{"start":{"line":32,"column":20},"end":{"line":32,"column":70}},{"start":{"line":33,"column":20},"end":{"line":33,"column":26}}]},"3":{"line":37,"type":"cond-expr","locations":[{"start":{"line":38,"column":14},"end":{"line":38,"column":20}},{"start":{"line":39,"column":14},"end":{"line":39,"column":20}}]},"4":{"line":40,"type":"switch","locations":[{"start":{"line":42,"column":8},"end":{"line":47,"column":18}},{"start":{"line":49,"column":8},"end":{"line":52,"column":18}}]},"5":{"line":44,"type":"binary-expr","locations":[{"start":{"line":44,"column":16},"end":{"line":44,"column":44}},{"start":{"line":44,"column":48},"end":{"line":44,"column":66}}]},"6":{"line":50,"type":"binary-expr","locations":[{"start":{"line":50,"column":21},"end":{"line":50,"column":49}},{"start":{"line":50,"column":53},"end":{"line":50,"column":72}}]},"7":{"line":64,"type":"switch","locations":[{"start":{"line":69,"column":4},"end":{"line":70,"column":14}},{"start":{"line":75,"column":4},"end":{"line":76,"column":14}}]},"8":{"line":85,"type":"switch","locations":[{"start":{"line":90,"column":4},"end":{"line":105,"column":14}},{"start":{"line":111,"column":4},"end":{"line":193,"column":14},"skip":true}]},"9":{"line":91,"type":"binary-expr","locations":[{"start":{"line":91,"column":42},"end":{"line":91,"column":73}},{"start":{"line":91,"column":77},"end":{"line":99,"column":9}}]},"10":{"line":102,"type":"binary-expr","locations":[{"start":{"line":102,"column":18},"end":{"line":102,"column":32}},{"start":{"line":103,"column":12},"end":{"line":103,"column":53}},{"start":{"line":104,"column":12},"end":{"line":104,"column":61}}]},"11":{"line":112,"type":"binary-expr","locations":[{"start":{"line":112,"column":45},"end":{"line":112,"column":79},"skip":true},{"start":{"line":112,"column":83},"end":{"line":121,"column":9},"skip":true}]},"12":{"line":123,"type":"binary-expr","locations":[{"start":{"line":123,"column":42},"end":{"line":123,"column":73},"skip":true},{"start":{"line":123,"column":77},"end":{"line":136,"column":9},"skip":true}]},"13":{"line":138,"type":"binary-expr","locations":[{"start":{"line":138,"column":48},"end":{"line":138,"column":85},"skip":true},{"start":{"line":139,"column":12},"end":{"line":145,"column":13},"skip":true}]},"14":{"line":147,"type":"binary-expr","locations":[{"start":{"line":147,"column":42},"end":{"line":147,"column":73},"skip":true},{"start":{"line":147,"column":77},"end":{"line":156,"column":9},"skip":true}]},"15":{"line":158,"type":"binary-expr","locations":[{"start":{"line":158,"column":45},"end":{"line":158,"column":79},"skip":true},{"start":{"line":158,"column":83},"end":{"line":167,"column":9},"skip":true}]},"16":{"line":169,"type":"binary-expr","locations":[{"start":{"line":169,"column":43},"end":{"line":169,"column":75},"skip":true},{"start":{"line":169,"column":79},"end":{"line":178,"column":9},"skip":true}]},"17":{"line":180,"type":"binary-expr","locations":[{"start":{"line":180,"column":41},"end":{"line":180,"column":71},"skip":true},{"start":{"line":180,"column":75},"end":{"line":189,"column":9},"skip":true}]}},"code":["/* istanbul instrument in package npmtest_whacko */","/*jslint","    bitwise: true,","    browser: true,","    maxerr: 8,","    maxlen: 96,","    node: true,","    nomen: true,","    regexp: true,","    stupid: true","*/","(function () {","    'use strict';","    var local;","","","","    // run shared js-env code - pre-init","    (function () {","        // init local","        local = {};","        // init modeJs","        local.modeJs = (function () {","            try {","                return typeof navigator.userAgent === 'string' &&","                    typeof document.querySelector('body') === 'object' &&","                    typeof XMLHttpRequest.prototype.open === 'function' &&","                    'browser';","            } catch (errorCaughtBrowser) {","                return module.exports &&","                    typeof process.versions.node === 'string' &&","                    typeof require('http').createServer === 'function' &&","                    'node';","            }","        }());","        // init global","        local.global = local.modeJs === 'browser'","            ? window","            : global;","        switch (local.modeJs) {","        // re-init local from window.local","        case 'browser':","            local = local.global.utility2.objectSetDefault(","                local.global.utility2_rollup || local.global.local,","                local.global.utility2","            );","            break;","        // re-init local from example.js","        case 'node':","            local = (local.global.utility2_rollup || require('utility2'))","                .requireExampleJsFromReadme();","            break;","        }","        // export local","        local.global.local = local;","    }());","","","","    // run shared js-env code - function","    (function () {","        return;","    }());","    switch (local.modeJs) {","","","","    // run browser js-env code - function","    case 'browser':","        break;","","","","    // run node js-env code - function","    case 'node':","        break;","    }","","","","    // run shared js-env code - post-init","    (function () {","        return;","    }());","    switch (local.modeJs) {","","","","    // run browser js-env code - post-init","    case 'browser':","        local.testCase_browser_nullCase = local.testCase_browser_nullCase || function (","            options,","            onError","        ) {","        /*","         * this function will test browsers's null-case handling-behavior-behavior","         */","            onError(null, options);","        };","","        // run tests","        local.nop(local.modeTest &&","            document.querySelector('#testRunButton1') &&","            document.querySelector('#testRunButton1').click());","        break;","","","","    // run node js-env code - post-init","    /* istanbul ignore next */","    case 'node':","        local.testCase_buildApidoc_default = local.testCase_buildApidoc_default || function (","            options,","            onError","        ) {","        /*","         * this function will test buildApidoc's default handling-behavior-behavior","         */","            options = { modulePathList: module.paths };","            local.buildApidoc(options, onError);","        };","","        local.testCase_buildApp_default = local.testCase_buildApp_default || function (","            options,","            onError","        ) {","        /*","         * this function will test buildApp's default handling-behavior-behavior","         */","            local.testCase_buildReadme_default(options, local.onErrorThrow);","            local.testCase_buildLib_default(options, local.onErrorThrow);","            local.testCase_buildTest_default(options, local.onErrorThrow);","            local.testCase_buildCustomOrg_default(options, local.onErrorThrow);","            options = [];","            local.buildApp(options, onError);","        };","","        local.testCase_buildCustomOrg_default = local.testCase_buildCustomOrg_default ||","            function (options, onError) {","            /*","             * this function will test buildCustomOrg's default handling-behavior","             */","                options = {};","                local.buildCustomOrg(options, onError);","            };","","        local.testCase_buildLib_default = local.testCase_buildLib_default || function (","            options,","            onError","        ) {","        /*","         * this function will test buildLib's default handling-behavior","         */","            options = {};","            local.buildLib(options, onError);","        };","","        local.testCase_buildReadme_default = local.testCase_buildReadme_default || function (","            options,","            onError","        ) {","        /*","         * this function will test buildReadme's default handling-behavior-behavior","         */","            options = {};","            local.buildReadme(options, onError);","        };","","        local.testCase_buildTest_default = local.testCase_buildTest_default || function (","            options,","            onError","        ) {","        /*","         * this function will test buildTest's default handling-behavior","         */","            options = {};","            local.buildTest(options, onError);","        };","","        local.testCase_webpage_default = local.testCase_webpage_default || function (","            options,","            onError","        ) {","        /*","         * this function will test webpage's default handling-behavior","         */","            options = { modeCoverageMerge: true, url: local.serverLocalHost + '?modeTest=1' };","            local.browserTest(options, onError);","        };","","        // run test-server","        local.testRunServer(local);","        break;","    }","}());",""],"l":{"12":2,"14":2,"19":2,"21":2,"23":2,"24":2,"25":2,"30":1,"37":2,"40":2,"43":1,"47":1,"50":1,"52":1,"55":2,"61":2,"62":2,"64":2,"70":1,"76":1,"82":2,"83":2,"85":2,"91":1,"98":1,"102":1,"105":1,"112":1,"119":1,"120":1,"123":1,"130":1,"131":1,"132":1,"133":1,"134":1,"135":1,"138":1,"143":2,"144":2,"147":1,"154":2,"155":2,"158":1,"165":2,"166":2,"169":1,"176":2,"177":2,"180":1,"187":1,"188":1,"192":1,"193":1}},"/home/travis/build/npmtest/node-npmtest-whacko/lib.npmtest_whacko.js":{"path":"/home/travis/build/npmtest/node-npmtest-whacko/lib.npmtest_whacko.js","s":{"1":2,"2":2,"3":2,"4":2,"5":2,"6":2,"7":2,"8":1,"9":2,"10":2,"11":2,"12":2,"13":1,"14":1,"15":1,"16":1},"b":{"1":[2,1,1,1],"2":[1,1,1,1],"3":[1,1],"4":[2,2],"5":[1,1]},"f":{"1":2,"2":2,"3":2},"fnMap":{"1":{"name":"(anonymous_1)","line":12,"loc":{"start":{"line":12,"column":1},"end":{"line":12,"column":13}}},"2":{"name":"(anonymous_2)","line":19,"loc":{"start":{"line":19,"column":5},"end":{"line":19,"column":17}}},"3":{"name":"(anonymous_3)","line":23,"loc":{"start":{"line":23,"column":24},"end":{"line":23,"column":36}}}},"statementMap":{"1":{"start":{"line":12,"column":0},"end":{"line":53,"column":5}},"2":{"start":{"line":14,"column":4},"end":{"line":14,"column":14}},"3":{"start":{"line":19,"column":4},"end":{"line":52,"column":9}},"4":{"start":{"line":21,"column":8},"end":{"line":21,"column":19}},"5":{"start":{"line":23,"column":8},"end":{"line":35,"column":13}},"6":{"start":{"line":24,"column":12},"end":{"line":34,"column":13}},"7":{"start":{"line":25,"column":16},"end":{"line":28,"column":30}},"8":{"start":{"line":30,"column":16},"end":{"line":33,"column":27}},"9":{"start":{"line":37,"column":8},"end":{"line":39,"column":21}},"10":{"start":{"line":41,"column":8},"end":{"line":41,"column":54}},"11":{"start":{"line":43,"column":8},"end":{"line":43,"column":51}},"12":{"start":{"line":45,"column":8},"end":{"line":51,"column":9}},"13":{"start":{"line":46,"column":12},"end":{"line":46,"column":57}},"14":{"start":{"line":48,"column":12},"end":{"line":48,"column":35}},"15":{"start":{"line":49,"column":12},"end":{"line":49,"column":49}},"16":{"start":{"line":50,"column":12},"end":{"line":50,"column":43}}},"branchMap":{"1":{"line":25,"type":"binary-expr","locations":[{"start":{"line":25,"column":23},"end":{"line":25,"column":62}},{"start":{"line":26,"column":20},"end":{"line":26,"column":70}},{"start":{"line":27,"column":20},"end":{"line":27,"column":71}},{"start":{"line":28,"column":20},"end":{"line":28,"column":29}}]},"2":{"line":30,"type":"binary-expr","locations":[{"start":{"line":30,"column":23},"end":{"line":30,"column":37}},{"start":{"line":31,"column":20},"end":{"line":31,"column":61}},{"start":{"line":32,"column":20},"end":{"line":32,"column":70}},{"start":{"line":33,"column":20},"end":{"line":33,"column":26}}]},"3":{"line":37,"type":"cond-expr","locations":[{"start":{"line":38,"column":14},"end":{"line":38,"column":20}},{"start":{"line":39,"column":14},"end":{"line":39,"column":20}}]},"4":{"line":41,"type":"binary-expr","locations":[{"start":{"line":41,"column":16},"end":{"line":41,"column":44}},{"start":{"line":41,"column":48},"end":{"line":41,"column":53}}]},"5":{"line":45,"type":"if","locations":[{"start":{"line":45,"column":8},"end":{"line":45,"column":8}},{"start":{"line":45,"column":8},"end":{"line":45,"column":8}}]}},"code":["/* istanbul instrument in package npmtest_whacko */","/*jslint","    bitwise: true,","    browser: true,","    maxerr: 8,","    maxlen: 96,","    node: true,","    nomen: true,","    regexp: true,","    stupid: true","*/","(function () {","    'use strict';","    var local;","","","","    // run shared js-env code - pre-init","    (function () {","        // init local","        local = {};","        // init modeJs","        local.modeJs = (function () {","            try {","                return typeof navigator.userAgent === 'string' &&","                    typeof document.querySelector('body') === 'object' &&","                    typeof XMLHttpRequest.prototype.open === 'function' &&","                    'browser';","            } catch (errorCaughtBrowser) {","                return module.exports &&","                    typeof process.versions.node === 'string' &&","                    typeof require('http').createServer === 'function' &&","                    'node';","            }","        }());","        // init global","        local.global = local.modeJs === 'browser'","            ? window","            : global;","        // init utility2_rollup","        local = local.global.utility2_rollup || local;","        // init lib","        local.local = local.npmtest_whacko = local;","        // init exports","        if (local.modeJs === 'browser') {","            local.global.utility2_npmtest_whacko = local;","        } else {","            module.exports = local;","            module.exports.__dirname = __dirname;","            module.exports.module = module;","        }","    }());","}());",""],"l":{"12":2,"14":2,"19":2,"21":2,"23":2,"24":2,"25":2,"30":1,"37":2,"41":2,"43":2,"45":2,"46":1,"48":1,"49":1,"50":1}},"/home/travis/build/npmtest/node-npmtest-whacko/example.js":{"path":"/home/travis/build/npmtest/node-npmtest-whacko/example.js","s":{"1":2,"2":2,"3":2,"4":2,"5":2,"6":2,"7":2,"8":1,"9":2,"10":2,"11":2,"12":2,"13":1,"14":2,"15":2,"16":2,"17":2,"18":2,"19":0,"20":2,"21":1,"22":1,"23":1,"24":1,"25":1,"26":0,"27":0,"28":1,"29":1,"30":2,"31":0,"32":0,"33":0,"34":1,"35":2,"36":2,"37":3,"38":3,"39":3,"40":3,"41":0,"42":3,"43":3,"44":3,"45":1,"46":3,"47":1,"48":1,"49":1,"50":1,"51":1,"52":1,"53":1,"54":1,"55":1,"56":1,"57":0,"58":1,"59":6,"60":6,"61":1,"62":2,"63":0,"64":2,"65":1,"66":1,"67":0,"68":0,"69":0,"70":0,"71":0,"72":0,"73":0,"74":0,"75":0,"76":0,"77":0,"78":0,"79":0,"80":0,"81":0,"82":0,"83":0},"b":{"1":[2,1,1,1],"2":[1,1,1,1],"3":[1,1],"4":[2,2],"5":[1,1],"6":[1,1],"7":[2,0],"8":[2,1,1,1,1,1],"9":[0,2,0],"10":[1,1],"11":[2,1,1],"12":[1,0],"13":[0,2],"14":[2,0,0,0,0,0,0],"15":[0,3],"16":[3,0],"17":[1,1],"18":[0,1],"19":[1,2,0,2],"20":[1,0],"21":[1,1],"22":[0,0],"23":[0,0],"24":[0,0],"25":[0,0],"26":[0,0],"27":[0,0],"28":[0,0]},"f":{"1":2,"2":2,"3":2,"4":2,"5":2,"6":2,"7":3,"8":3,"9":3,"10":1,"11":6,"12":0},"fnMap":{"1":{"name":"(anonymous_1)","line":26,"loc":{"start":{"line":26,"column":1},"end":{"line":26,"column":13}}},"2":{"name":"(anonymous_2)","line":33,"loc":{"start":{"line":33,"column":5},"end":{"line":33,"column":17}}},"3":{"name":"(anonymous_3)","line":37,"loc":{"start":{"line":37,"column":24},"end":{"line":37,"column":36}}},"4":{"name":"(anonymous_4)","line":69,"loc":{"start":{"line":69,"column":31},"end":{"line":69,"column":48}},"skip":true},"5":{"name":"(anonymous_5)","line":78,"loc":{"start":{"line":78,"column":26},"end":{"line":78,"column":45}},"skip":true},"6":{"name":"(anonymous_6)","line":123,"loc":{"start":{"line":123,"column":33},"end":{"line":123,"column":48}},"skip":true},"7":{"name":"(anonymous_7)","line":125,"loc":{"start":{"line":125,"column":27},"end":{"line":125,"column":39}},"skip":true},"8":{"name":"(anonymous_8)","line":133,"loc":{"start":{"line":133,"column":59},"end":{"line":133,"column":74}},"skip":true},"9":{"name":"(anonymous_9)","line":143,"loc":{"start":{"line":143,"column":45},"end":{"line":143,"column":62}},"skip":true},"10":{"name":"(anonymous_10)","line":144,"loc":{"start":{"line":144,"column":73},"end":{"line":144,"column":92}},"skip":true},"11":{"name":"(anonymous_11)","line":272,"loc":{"start":{"line":272,"column":51},"end":{"line":272,"column":77}},"skip":true},"12":{"name":"(anonymous_12)","line":315,"loc":{"start":{"line":315,"column":32},"end":{"line":315,"column":61}},"skip":true}},"statementMap":{"1":{"start":{"line":26,"column":0},"end":{"line":326,"column":5}},"2":{"start":{"line":28,"column":4},"end":{"line":28,"column":14}},"3":{"start":{"line":33,"column":4},"end":{"line":60,"column":9}},"4":{"start":{"line":35,"column":8},"end":{"line":35,"column":19}},"5":{"start":{"line":37,"column":8},"end":{"line":49,"column":13}},"6":{"start":{"line":38,"column":12},"end":{"line":48,"column":13}},"7":{"start":{"line":39,"column":16},"end":{"line":42,"column":30}},"8":{"start":{"line":44,"column":16},"end":{"line":47,"column":27}},"9":{"start":{"line":51,"column":8},"end":{"line":53,"column":21}},"10":{"start":{"line":55,"column":8},"end":{"line":57,"column":45}},"11":{"start":{"line":59,"column":8},"end":{"line":59,"column":35}},"12":{"start":{"line":61,"column":4},"end":{"line":325,"column":5}},"13":{"start":{"line":69,"column":8},"end":{"line":121,"column":10},"skip":true},"14":{"start":{"line":70,"column":12},"end":{"line":88,"column":13},"skip":true},"15":{"start":{"line":76,"column":16},"end":{"line":87,"column":19},"skip":true},"16":{"start":{"line":79,"column":20},"end":{"line":86,"column":21},"skip":true},"17":{"start":{"line":82,"column":24},"end":{"line":82,"column":43},"skip":true},"18":{"start":{"line":83,"column":24},"end":{"line":83,"column":30},"skip":true},"19":{"start":{"line":85,"column":24},"end":{"line":85,"column":49},"skip":true},"20":{"start":{"line":89,"column":12},"end":{"line":107,"column":13},"skip":true},"21":{"start":{"line":92,"column":16},"end":{"line":102,"column":17},"skip":true},"22":{"start":{"line":93,"column":20},"end":{"line":93,"column":86},"skip":true},"23":{"start":{"line":94,"column":20},"end":{"line":95,"column":45},"skip":true},"24":{"start":{"line":96,"column":20},"end":{"line":96,"column":42},"skip":true},"25":{"start":{"line":97,"column":20},"end":{"line":97,"column":48},"skip":true},"26":{"start":{"line":100,"column":20},"end":{"line":100,"column":85},"skip":true},"27":{"start":{"line":101,"column":20},"end":{"line":101,"column":96},"skip":true},"28":{"start":{"line":103,"column":16},"end":{"line":103,"column":22},"skip":true},"29":{"start":{"line":106,"column":16},"end":{"line":106,"column":22},"skip":true},"30":{"start":{"line":108,"column":12},"end":{"line":120,"column":13},"skip":true},"31":{"start":{"line":114,"column":16},"end":{"line":119,"column":17},"skip":true},"32":{"start":{"line":116,"column":20},"end":{"line":116,"column":78},"skip":true},"33":{"start":{"line":118,"column":20},"end":{"line":118,"column":47},"skip":true},"34":{"start":{"line":123,"column":8},"end":{"line":141,"column":11},"skip":true},"35":{"start":{"line":124,"column":12},"end":{"line":124,"column":54},"skip":true},"36":{"start":{"line":125,"column":12},"end":{"line":140,"column":14},"skip":true},"37":{"start":{"line":126,"column":16},"end":{"line":126,"column":28},"skip":true},"38":{"start":{"line":127,"column":16},"end":{"line":127,"column":69},"skip":true},"39":{"start":{"line":128,"column":16},"end":{"line":128,"column":75},"skip":true},"40":{"start":{"line":129,"column":16},"end":{"line":131,"column":17},"skip":true},"41":{"start":{"line":130,"column":20},"end":{"line":130,"column":27},"skip":true},"42":{"start":{"line":133,"column":16},"end":{"line":137,"column":36},"skip":true},"43":{"start":{"line":134,"column":20},"end":{"line":136,"column":55},"skip":true},"44":{"start":{"line":139,"column":16},"end":{"line":139,"column":57},"skip":true},"45":{"start":{"line":143,"column":8},"end":{"line":147,"column":11},"skip":true},"46":{"start":{"line":144,"column":12},"end":{"line":146,"column":15},"skip":true},"47":{"start":{"line":145,"column":16},"end":{"line":145,"column":70},"skip":true},"48":{"start":{"line":149,"column":8},"end":{"line":149,"column":31},"skip":true},"49":{"start":{"line":150,"column":8},"end":{"line":150,"column":14},"skip":true},"50":{"start":{"line":158,"column":8},"end":{"line":158,"column":31},"skip":true},"51":{"start":{"line":160,"column":8},"end":{"line":160,"column":33},"skip":true},"52":{"start":{"line":161,"column":8},"end":{"line":161,"column":37},"skip":true},"53":{"start":{"line":162,"column":8},"end":{"line":162,"column":35},"skip":true},"54":{"start":{"line":164,"column":8},"end":{"line":164,"column":50},"skip":true},"55":{"start":{"line":166,"column":8},"end":{"line":256,"column":2},"skip":true},"56":{"start":{"line":258,"column":8},"end":{"line":286,"column":9},"skip":true},"57":{"start":{"line":259,"column":12},"end":{"line":269,"column":14},"skip":true},"58":{"start":{"line":271,"column":12},"end":{"line":285,"column":19},"skip":true},"59":{"start":{"line":274,"column":20},"end":{"line":274,"column":35},"skip":true},"60":{"start":{"line":275,"column":20},"end":{"line":284,"column":21},"skip":true},"61":{"start":{"line":277,"column":24},"end":{"line":277,"column":64},"skip":true},"62":{"start":{"line":279,"column":24},"end":{"line":279,"column":40},"skip":true},"63":{"start":{"line":281,"column":24},"end":{"line":281,"column":40},"skip":true},"64":{"start":{"line":283,"column":24},"end":{"line":283,"column":39},"skip":true},"65":{"start":{"line":288,"column":8},"end":{"line":290,"column":9},"skip":true},"66":{"start":{"line":289,"column":12},"end":{"line":289,"column":18},"skip":true},"67":{"start":{"line":291,"column":8},"end":{"line":293,"column":54},"skip":true},"68":{"start":{"line":296,"column":8},"end":{"line":301,"column":37},"skip":true},"69":{"start":{"line":303,"column":8},"end":{"line":303,"column":82},"skip":true},"70":{"start":{"line":306,"column":8},"end":{"line":308,"column":9},"skip":true},"71":{"start":{"line":307,"column":12},"end":{"line":307,"column":82},"skip":true},"72":{"start":{"line":310,"column":8},"end":{"line":312,"column":9},"skip":true},"73":{"start":{"line":311,"column":12},"end":{"line":311,"column":18},"skip":true},"74":{"start":{"line":313,"column":8},"end":{"line":313,"column":54},"skip":true},"75":{"start":{"line":314,"column":8},"end":{"line":314,"column":69},"skip":true},"76":{"start":{"line":315,"column":8},"end":{"line":323,"column":36},"skip":true},"77":{"start":{"line":316,"column":12},"end":{"line":316,"column":61},"skip":true},"78":{"start":{"line":317,"column":12},"end":{"line":320,"column":13},"skip":true},"79":{"start":{"line":318,"column":16},"end":{"line":318,"column":75},"skip":true},"80":{"start":{"line":319,"column":16},"end":{"line":319,"column":23},"skip":true},"81":{"start":{"line":321,"column":12},"end":{"line":321,"column":38},"skip":true},"82":{"start":{"line":322,"column":12},"end":{"line":322,"column":27},"skip":true},"83":{"start":{"line":324,"column":8},"end":{"line":324,"column":14},"skip":true}},"branchMap":{"1":{"line":39,"type":"binary-expr","locations":[{"start":{"line":39,"column":23},"end":{"line":39,"column":62}},{"start":{"line":40,"column":20},"end":{"line":40,"column":70}},{"start":{"line":41,"column":20},"end":{"line":41,"column":71}},{"start":{"line":42,"column":20},"end":{"line":42,"column":29}}]},"2":{"line":44,"type":"binary-expr","locations":[{"start":{"line":44,"column":23},"end":{"line":44,"column":37}},{"start":{"line":45,"column":20},"end":{"line":45,"column":61}},{"start":{"line":46,"column":20},"end":{"line":46,"column":70}},{"start":{"line":47,"column":20},"end":{"line":47,"column":26}}]},"3":{"line":51,"type":"cond-expr","locations":[{"start":{"line":52,"column":14},"end":{"line":52,"column":20}},{"start":{"line":53,"column":14},"end":{"line":53,"column":20}}]},"4":{"line":55,"type":"binary-expr","locations":[{"start":{"line":55,"column":16},"end":{"line":55,"column":44}},{"start":{"line":55,"column":49},"end":{"line":57,"column":43}}]},"5":{"line":55,"type":"cond-expr","locations":[{"start":{"line":56,"column":14},"end":{"line":56,"column":50}},{"start":{"line":57,"column":14},"end":{"line":57,"column":43}}]},"6":{"line":61,"type":"switch","locations":[{"start":{"line":68,"column":4},"end":{"line":150,"column":14},"skip":true},{"start":{"line":156,"column":4},"end":{"line":324,"column":14},"skip":true}]},"7":{"line":70,"type":"if","locations":[{"start":{"line":70,"column":12},"end":{"line":70,"column":12},"skip":true},{"start":{"line":70,"column":12},"end":{"line":70,"column":12},"skip":true}]},"8":{"line":70,"type":"binary-expr","locations":[{"start":{"line":70,"column":16},"end":{"line":70,"column":22},"skip":true},{"start":{"line":70,"column":27},"end":{"line":70,"column":32},"skip":true},{"start":{"line":71,"column":20},"end":{"line":71,"column":39},"skip":true},{"start":{"line":72,"column":20},"end":{"line":72,"column":49},"skip":true},{"start":{"line":73,"column":20},"end":{"line":73,"column":58},"skip":true},{"start":{"line":74,"column":20},"end":{"line":74,"column":69},"skip":true}]},"9":{"line":79,"type":"switch","locations":[{"start":{"line":80,"column":20},"end":{"line":80,"column":33},"skip":true},{"start":{"line":81,"column":20},"end":{"line":83,"column":30},"skip":true},{"start":{"line":84,"column":20},"end":{"line":85,"column":49},"skip":true}]},"10":{"line":89,"type":"switch","locations":[{"start":{"line":90,"column":12},"end":{"line":103,"column":22},"skip":true},{"start":{"line":105,"column":12},"end":{"line":106,"column":22},"skip":true}]},"11":{"line":89,"type":"binary-expr","locations":[{"start":{"line":89,"column":20},"end":{"line":89,"column":25},"skip":true},{"start":{"line":89,"column":29},"end":{"line":89,"column":48},"skip":true},{"start":{"line":89,"column":52},"end":{"line":89,"column":74},"skip":true}]},"12":{"line":92,"type":"if","locations":[{"start":{"line":92,"column":16},"end":{"line":92,"column":16},"skip":true},{"start":{"line":92,"column":16},"end":{"line":92,"column":16},"skip":true}]},"13":{"line":108,"type":"if","locations":[{"start":{"line":108,"column":12},"end":{"line":108,"column":12},"skip":true},{"start":{"line":108,"column":12},"end":{"line":108,"column":12},"skip":true}]},"14":{"line":108,"type":"binary-expr","locations":[{"start":{"line":108,"column":16},"end":{"line":108,"column":61},"skip":true},{"start":{"line":108,"column":66},"end":{"line":108,"column":72},"skip":true},{"start":{"line":108,"column":77},"end":{"line":108,"column":82},"skip":true},{"start":{"line":109,"column":20},"end":{"line":109,"column":39},"skip":true},{"start":{"line":110,"column":20},"end":{"line":110,"column":49},"skip":true},{"start":{"line":111,"column":20},"end":{"line":111,"column":58},"skip":true},{"start":{"line":112,"column":20},"end":{"line":112,"column":68},"skip":true}]},"15":{"line":129,"type":"if","locations":[{"start":{"line":129,"column":16},"end":{"line":129,"column":16},"skip":true},{"start":{"line":129,"column":16},"end":{"line":129,"column":16},"skip":true}]},"16":{"line":134,"type":"cond-expr","locations":[{"start":{"line":135,"column":26},"end":{"line":135,"column":29},"skip":true},{"start":{"line":136,"column":26},"end":{"line":136,"column":54},"skip":true}]},"17":{"line":164,"type":"binary-expr","locations":[{"start":{"line":164,"column":27},"end":{"line":164,"column":43},"skip":true},{"start":{"line":164,"column":47},"end":{"line":164,"column":49},"skip":true}]},"18":{"line":258,"type":"if","locations":[{"start":{"line":258,"column":8},"end":{"line":258,"column":8},"skip":true},{"start":{"line":258,"column":8},"end":{"line":258,"column":8},"skip":true}]},"19":{"line":275,"type":"switch","locations":[{"start":{"line":276,"column":20},"end":{"line":277,"column":64},"skip":true},{"start":{"line":278,"column":20},"end":{"line":279,"column":40},"skip":true},{"start":{"line":280,"column":20},"end":{"line":281,"column":40},"skip":true},{"start":{"line":282,"column":20},"end":{"line":283,"column":39},"skip":true}]},"20":{"line":288,"type":"if","locations":[{"start":{"line":288,"column":8},"end":{"line":288,"column":8},"skip":true},{"start":{"line":288,"column":8},"end":{"line":288,"column":8},"skip":true}]},"21":{"line":288,"type":"binary-expr","locations":[{"start":{"line":288,"column":12},"end":{"line":288,"column":40},"skip":true},{"start":{"line":288,"column":44},"end":{"line":288,"column":67},"skip":true}]},"22":{"line":292,"type":"binary-expr","locations":[{"start":{"line":292,"column":12},"end":{"line":292,"column":50},"skip":true},{"start":{"line":293,"column":12},"end":{"line":293,"column":53},"skip":true}]},"23":{"line":297,"type":"binary-expr","locations":[{"start":{"line":297,"column":12},"end":{"line":297,"column":64},"skip":true},{"start":{"line":298,"column":12},"end":{"line":301,"column":36},"skip":true}]},"24":{"line":303,"type":"binary-expr","locations":[{"start":{"line":303,"column":43},"end":{"line":303,"column":75},"skip":true},{"start":{"line":303,"column":79},"end":{"line":303,"column":81},"skip":true}]},"25":{"line":306,"type":"if","locations":[{"start":{"line":306,"column":8},"end":{"line":306,"column":8},"skip":true},{"start":{"line":306,"column":8},"end":{"line":306,"column":8},"skip":true}]},"26":{"line":310,"type":"if","locations":[{"start":{"line":310,"column":8},"end":{"line":310,"column":8},"skip":true},{"start":{"line":310,"column":8},"end":{"line":310,"column":8},"skip":true}]},"27":{"line":313,"type":"binary-expr","locations":[{"start":{"line":313,"column":27},"end":{"line":313,"column":43},"skip":true},{"start":{"line":313,"column":47},"end":{"line":313,"column":53},"skip":true}]},"28":{"line":317,"type":"if","locations":[{"start":{"line":317,"column":12},"end":{"line":317,"column":12},"skip":true},{"start":{"line":317,"column":12},"end":{"line":317,"column":12},"skip":true}]}},"code":["/*","example.js","","quickstart example","","instruction","    1. save this script as example.js","    2. run the shell command:","        $ npm install npmtest-whacko && PORT=8081 node example.js","    3. play with the browser-demo on http://127.0.0.1:8081","*/","","","","/* istanbul instrument in package npmtest_whacko */","/*jslint","    bitwise: true,","    browser: true,","    maxerr: 8,","    maxlen: 96,","    node: true,","    nomen: true,","    regexp: true,","    stupid: true","*/","(function () {","    'use strict';","    var local;","","","","    // run shared js-env code - pre-init","    (function () {","        // init local","        local = {};","        // init modeJs","        local.modeJs = (function () {","            try {","                return typeof navigator.userAgent === 'string' &&","                    typeof document.querySelector('body') === 'object' &&","                    typeof XMLHttpRequest.prototype.open === 'function' &&","                    'browser';","            } catch (errorCaughtBrowser) {","                return module.exports &&","                    typeof process.versions.node === 'string' &&","                    typeof require('http').createServer === 'function' &&","                    'node';","            }","        }());","        // init global","        local.global = local.modeJs === 'browser'","            ? window","            : global;","        // init utility2_rollup","        local = local.global.utility2_rollup || (local.modeJs === 'browser'","            ? local.global.utility2_npmtest_whacko","            : global.utility2_moduleExports);","        // export local","        local.global.local = local;","    }());","    switch (local.modeJs) {","","","","    // post-init","    // run browser js-env code - post-init","    /* istanbul ignore next */","    case 'browser':","        local.testRunBrowser = function (event) {","            if (!event || (event &&","                    event.currentTarget &&","                    event.currentTarget.className &&","                    event.currentTarget.className.includes &&","                    event.currentTarget.className.includes('onreset'))) {","                // reset output","                Array.from(","                    document.querySelectorAll('body > .resettable')","                ).forEach(function (element) {","                    switch (element.tagName) {","                    case 'INPUT':","                    case 'TEXTAREA':","                        element.value = '';","                        break;","                    default:","                        element.textContent = '';","                    }","                });","            }","            switch (event && event.currentTarget && event.currentTarget.id) {","            case 'testRunButton1':","                // show tests","                if (document.querySelector('#testReportDiv1').style.display === 'none') {","                    document.querySelector('#testReportDiv1').style.display = 'block';","                    document.querySelector('#testRunButton1').textContent =","                        'hide internal test';","                    local.modeTest = true;","                    local.testRunDefault(local);","                // hide tests","                } else {","                    document.querySelector('#testReportDiv1').style.display = 'none';","                    document.querySelector('#testRunButton1').textContent = 'run internal test';","                }","                break;","            // custom-case","            default:","                break;","            }","            if (document.querySelector('#inputTextareaEval1') && (!event || (event &&","                    event.currentTarget &&","                    event.currentTarget.className &&","                    event.currentTarget.className.includes &&","                    event.currentTarget.className.includes('oneval')))) {","                // try to eval input-code","                try {","                    /*jslint evil: true*/","                    eval(document.querySelector('#inputTextareaEval1').value);","                } catch (errorCaught) {","                    console.error(errorCaught);","                }","            }","        };","        // log stderr and stdout to #outputTextareaStdout1","        ['error', 'log'].forEach(function (key) {","            console[key + '_original'] = console[key];","            console[key] = function () {","                var element;","                console[key + '_original'].apply(console, arguments);","                element = document.querySelector('#outputTextareaStdout1');","                if (!element) {","                    return;","                }","                // append text to #outputTextareaStdout1","                element.value += Array.from(arguments).map(function (arg) {","                    return typeof arg === 'string'","                        ? arg","                        : JSON.stringify(arg, null, 4);","                }).join(' ') + '\\n';","                // scroll textarea to bottom","                element.scrollTop = element.scrollHeight;","            };","        });","        // init event-handling","        ['change', 'click', 'keyup'].forEach(function (event) {","            Array.from(document.querySelectorAll('.on' + event)).forEach(function (element) {","                element.addEventListener(event, local.testRunBrowser);","            });","        });","        // run tests","        local.testRunBrowser();","        break;","","","","    // run node js-env code - post-init","    /* istanbul ignore next */","    case 'node':","        // export local","        module.exports = local;","        // require modules","        local.fs = require('fs');","        local.http = require('http');","        local.url = require('url');","        // init assets","        local.assetsDict = local.assetsDict || {};","        /* jslint-ignore-begin */","        local.assetsDict['/assets.index.template.html'] = '\\","<!doctype html>\\n\\","<html lang=\"en\">\\n\\","<head>\\n\\","<meta charset=\"UTF-8\">\\n\\","<meta name=\"viewport\" content=\"width=device-width, initial-scale=1\">\\n\\","<title>{{env.npm_package_name}} (v{{env.npm_package_version}})</title>\\n\\","<style>\\n\\","/*csslint\\n\\","    box-sizing: false,\\n\\","    universal-selector: false\\n\\","*/\\n\\","* {\\n\\","    box-sizing: border-box;\\n\\","}\\n\\","body {\\n\\","    background: #dde;\\n\\","    font-family: Arial, Helvetica, sans-serif;\\n\\","    margin: 2rem;\\n\\","}\\n\\","body > * {\\n\\","    margin-bottom: 1rem;\\n\\","}\\n\\",".utility2FooterDiv {\\n\\","    margin-top: 20px;\\n\\","    text-align: center;\\n\\","}\\n\\","</style>\\n\\","<style>\\n\\","/*csslint\\n\\","*/\\n\\","textarea {\\n\\","    font-family: monospace;\\n\\","    height: 10rem;\\n\\","    width: 100%;\\n\\","}\\n\\","textarea[readonly] {\\n\\","    background: #ddd;\\n\\","}\\n\\","</style>\\n\\","</head>\\n\\","<body>\\n\\","<!-- utility2-comment\\n\\","<div id=\"ajaxProgressDiv1\" style=\"background: #d00; height: 2px; left: 0; margin: 0; padding: 0; position: fixed; top: 0; transition: background 0.5s, width 1.5s; width: 25%;\"></div>\\n\\","utility2-comment -->\\n\\","<h1>\\n\\","<!-- utility2-comment\\n\\","    <a\\n\\","        {{#if env.npm_package_homepage}}\\n\\","        href=\"{{env.npm_package_homepage}}\"\\n\\","        {{/if env.npm_package_homepage}}\\n\\","        target=\"_blank\"\\n\\","    >\\n\\","utility2-comment -->\\n\\","        {{env.npm_package_name}} (v{{env.npm_package_version}})\\n\\","<!-- utility2-comment\\n\\","    </a>\\n\\","utility2-comment -->\\n\\","</h1>\\n\\","<h3>{{env.npm_package_description}}</h3>\\n\\","<!-- utility2-comment\\n\\","<h4><a download href=\"assets.app.js\">download standalone app</a></h4>\\n\\","<button class=\"onclick onreset\" id=\"testRunButton1\">run internal test</button><br>\\n\\","<div id=\"testReportDiv1\" style=\"display: none;\"></div>\\n\\","utility2-comment -->\\n\\","\\n\\","\\n\\","\\n\\","<label>stderr and stdout</label>\\n\\","<textarea class=\"resettable\" id=\"outputTextareaStdout1\" readonly></textarea>\\n\\","<!-- utility2-comment\\n\\","{{#if isRollup}}\\n\\","<script src=\"assets.app.js\"></script>\\n\\","{{#unless isRollup}}\\n\\","utility2-comment -->\\n\\","<script src=\"assets.utility2.rollup.js\"></script>\\n\\","<script src=\"jsonp.utility2._stateInit?callback=window.utility2._stateInit\"></script>\\n\\","<script src=\"assets.npmtest_whacko.rollup.js\"></script>\\n\\","<script src=\"assets.example.js\"></script>\\n\\","<script src=\"assets.test.js\"></script>\\n\\","<!-- utility2-comment\\n\\","{{/if isRollup}}\\n\\","utility2-comment -->\\n\\","<div class=\"utility2FooterDiv\">\\n\\","    [ this app was created with\\n\\","    <a href=\"https://github.com/kaizhu256/node-utility2\" target=\"_blank\">utility2</a>\\n\\","    ]\\n\\","</div>\\n\\","</body>\\n\\","</html>\\n\\","';","        /* jslint-ignore-end */","        if (local.templateRender) {","            local.assetsDict['/'] = local.templateRender(","                local.assetsDict['/assets.index.template.html'],","                {","                    env: local.objectSetDefault(local.env, {","                        npm_package_description: 'the greatest app in the world!',","                        npm_package_name: 'my-app',","                        npm_package_nameAlias: 'my_app',","                        npm_package_version: '0.0.1'","                    })","                }","            );","        } else {","            local.assetsDict['/'] = local.assetsDict['/assets.index.template.html']","                .replace((/\\{\\{env\\.(\\w+?)\\}\\}/g), function (match0, match1) {","                    // jslint-hack","                    String(match0);","                    switch (match1) {","                    case 'npm_package_description':","                        return 'the greatest app in the world!';","                    case 'npm_package_name':","                        return 'my-app';","                    case 'npm_package_nameAlias':","                        return 'my_app';","                    case 'npm_package_version':","                        return '0.0.1';","                    }","                });","        }","        // run the cli","        if (local.global.utility2_rollup || module !== require.main) {","            break;","        }","        local.assetsDict['/assets.example.js'] =","            local.assetsDict['/assets.example.js'] ||","            local.fs.readFileSync(__filename, 'utf8');","        // bug-workaround - long $npm_package_buildCustomOrg","        /* jslint-ignore-begin */","        local.assetsDict['/assets.npmtest_whacko.rollup.js'] =","            local.assetsDict['/assets.npmtest_whacko.rollup.js'] ||","            local.fs.readFileSync(","                local.npmtest_whacko.__dirname + '/lib.npmtest_whacko.js',","                'utf8'","            ).replace((/^#!/), '//');","        /* jslint-ignore-end */","        local.assetsDict['/favicon.ico'] = local.assetsDict['/favicon.ico'] || '';","        // if $npm_config_timeout_exit exists,","        // then exit this process after $npm_config_timeout_exit ms","        if (Number(process.env.npm_config_timeout_exit)) {","            setTimeout(process.exit, Number(process.env.npm_config_timeout_exit));","        }","        // start server","        if (local.global.utility2_serverHttp1) {","            break;","        }","        process.env.PORT = process.env.PORT || '8081';","        console.error('server starting on port ' + process.env.PORT);","        local.http.createServer(function (request, response) {","            request.urlParsed = local.url.parse(request.url);","            if (local.assetsDict[request.urlParsed.pathname] !== undefined) {","                response.end(local.assetsDict[request.urlParsed.pathname]);","                return;","            }","            response.statusCode = 404;","            response.end();","        }).listen(process.env.PORT);","        break;","    }","}());",""],"l":{"26":2,"28":2,"33":2,"35":2,"37":2,"38":2,"39":2,"44":1,"51":2,"55":2,"59":2,"61":2,"69":1,"70":2,"76":2,"79":2,"82":2,"83":2,"85":1,"89":2,"92":1,"93":1,"94":1,"96":1,"97":1,"100":1,"101":1,"103":1,"106":1,"108":2,"114":1,"116":1,"118":1,"123":1,"124":2,"125":2,"126":3,"127":3,"128":3,"129":3,"130":1,"133":3,"134":3,"139":3,"143":1,"144":3,"145":1,"149":1,"150":1,"158":1,"160":1,"161":1,"162":1,"164":1,"166":1,"258":1,"259":1,"271":1,"274":6,"275":6,"277":1,"279":2,"281":1,"283":2,"288":1,"289":1,"291":1,"296":1,"303":1,"306":1,"307":1,"310":1,"311":1,"313":1,"314":1,"315":1,"316":1,"317":1,"318":1,"319":1,"321":1,"322":1,"324":1}},"/home/travis/build/npmtest/node-npmtest-whacko/node_modules/whacko/index.js":{"path":"/home/travis/build/npmtest/node-npmtest-whacko/node_modules/whacko/index.js","s":{"1":1,"2":1},"b":{},"f":{},"fnMap":{},"statementMap":{"1":{"start":{"line":5,"column":0},"end":{"line":5,"column":52}},"2":{"start":{"line":11,"column":0},"end":{"line":11,"column":47}}},"branchMap":{},"code":["/**"," * Export cheerio (with )"," */","","exports = module.exports = require('./lib/cheerio');","","/*","  Export the version","*/","","exports.version = require('./package').version;",""],"l":{"5":1,"11":1}},"/home/travis/build/npmtest/node-npmtest-whacko/node_modules/whacko/lib/cheerio.js":{"path":"/home/travis/build/npmtest/node-npmtest-whacko/node_modules/whacko/lib/cheerio.js","s":{"1":1,"2":1,"3":1,"4":1,"5":0,"6":0,"7":0,"8":0,"9":0,"10":0,"11":0,"12":0,"13":0,"14":0,"15":0,"16":0,"17":0,"18":0,"19":0,"20":0,"21":0,"22":0,"23":0,"24":0,"25":0,"26":0,"27":0,"28":0,"29":0,"30":0,"31":0,"32":0,"33":0,"34":0,"35":0,"36":0,"37":0,"38":1,"39":1,"40":1,"41":1,"42":1,"43":1,"44":0,"45":0,"46":0,"47":0,"48":1,"49":0,"50":0,"51":0,"52":1,"53":0,"54":1,"55":4,"56":1,"57":0},"b":{"1":[0,0],"2":[0,0],"3":[0,0],"4":[0,0],"5":[0,0],"6":[0,0],"7":[0,0],"8":[0,0],"9":[0,0],"10":[0,0],"11":[0,0],"12":[0,0],"13":[0,0],"14":[0,0],"15":[0,0],"16":[0,0],"17":[0,0,0],"18":[0,0],"19":[0,0,0]},"f":{"1":0,"2":0,"3":0,"4":0,"5":0,"6":4,"7":0},"fnMap":{"1":{"name":"(anonymous_1)","line":29,"loc":{"start":{"line":29,"column":31},"end":{"line":29,"column":74}}},"2":{"name":"(anonymous_2)","line":51,"loc":{"start":{"line":51,"column":24},"end":{"line":51,"column":44}}},"3":{"name":"(anonymous_3)","line":121,"loc":{"start":{"line":121,"column":13},"end":{"line":121,"column":27}}},"4":{"name":"(anonymous_4)","line":136,"loc":{"start":{"line":136,"column":26},"end":{"line":136,"column":49}}},"5":{"name":"(anonymous_5)","line":148,"loc":{"start":{"line":148,"column":28},"end":{"line":148,"column":39}}},"6":{"name":"(anonymous_6)","line":155,"loc":{"start":{"line":155,"column":12},"end":{"line":155,"column":26}}},"7":{"name":"(anonymous_7)","line":159,"loc":{"start":{"line":159,"column":13},"end":{"line":159,"column":27}}}},"statementMap":{"1":{"start":{"line":5,"column":0},"end":{"line":6,"column":26}},"2":{"start":{"line":12,"column":0},"end":{"line":17,"column":2}},"3":{"start":{"line":23,"column":0},"end":{"line":23,"column":59}},"4":{"start":{"line":29,"column":0},"end":{"line":86,"column":2}},"5":{"start":{"line":30,"column":2},"end":{"line":30,"column":87}},"6":{"start":{"line":30,"column":34},"end":{"line":30,"column":87}},"7":{"start":{"line":32,"column":2},"end":{"line":32,"column":57}},"8":{"start":{"line":35,"column":2},"end":{"line":35,"column":29}},"9":{"start":{"line":35,"column":17},"end":{"line":35,"column":29}},"10":{"start":{"line":37,"column":2},"end":{"line":40,"column":3}},"11":{"start":{"line":38,"column":4},"end":{"line":38,"column":67}},"12":{"start":{"line":38,"column":34},"end":{"line":38,"column":67}},"13":{"start":{"line":39,"column":4},"end":{"line":39,"column":42}},"14":{"start":{"line":43,"column":2},"end":{"line":43,"column":40}},"15":{"start":{"line":43,"column":24},"end":{"line":43,"column":40}},"16":{"start":{"line":46,"column":2},"end":{"line":47,"column":26}},"17":{"start":{"line":47,"column":4},"end":{"line":47,"column":26}},"18":{"start":{"line":50,"column":2},"end":{"line":56,"column":3}},"19":{"start":{"line":51,"column":4},"end":{"line":53,"column":13}},"20":{"start":{"line":52,"column":6},"end":{"line":52,"column":23}},"21":{"start":{"line":54,"column":4},"end":{"line":54,"column":34}},"22":{"start":{"line":55,"column":4},"end":{"line":55,"column":16}},"23":{"start":{"line":59,"column":2},"end":{"line":61,"column":3}},"24":{"start":{"line":60,"column":4},"end":{"line":60,"column":70}},"25":{"start":{"line":64,"column":2},"end":{"line":79,"column":3}},"26":{"start":{"line":65,"column":4},"end":{"line":65,"column":25}},"27":{"start":{"line":66,"column":9},"end":{"line":79,"column":3}},"28":{"start":{"line":67,"column":4},"end":{"line":75,"column":5}},"29":{"start":{"line":69,"column":6},"end":{"line":69,"column":45}},"30":{"start":{"line":70,"column":6},"end":{"line":70,"column":44}},"31":{"start":{"line":73,"column":6},"end":{"line":73,"column":47}},"32":{"start":{"line":74,"column":6},"end":{"line":74,"column":27}},"33":{"start":{"line":77,"column":9},"end":{"line":79,"column":3}},"34":{"start":{"line":78,"column":4},"end":{"line":78,"column":42}},"35":{"start":{"line":82,"column":2},"end":{"line":82,"column":28}},"36":{"start":{"line":82,"column":16},"end":{"line":82,"column":28}},"37":{"start":{"line":85,"column":2},"end":{"line":85,"column":32}},"38":{"start":{"line":92,"column":0},"end":{"line":92,"column":39}},"39":{"start":{"line":98,"column":0},"end":{"line":98,"column":47}},"40":{"start":{"line":104,"column":0},"end":{"line":109,"column":2}},"41":{"start":{"line":115,"column":0},"end":{"line":115,"column":29}},"42":{"start":{"line":116,"column":0},"end":{"line":116,"column":50}},"43":{"start":{"line":121,"column":0},"end":{"line":128,"column":2}},"44":{"start":{"line":123,"column":2},"end":{"line":123,"column":98}},"45":{"start":{"line":123,"column":86},"end":{"line":123,"column":98}},"46":{"start":{"line":126,"column":2},"end":{"line":126,"column":34}},"47":{"start":{"line":127,"column":2},"end":{"line":127,"column":31}},"48":{"start":{"line":136,"column":0},"end":{"line":140,"column":2}},"49":{"start":{"line":137,"column":2},"end":{"line":137,"column":68}},"50":{"start":{"line":138,"column":2},"end":{"line":138,"column":28}},"51":{"start":{"line":139,"column":2},"end":{"line":139,"column":17}},"52":{"start":{"line":148,"column":0},"end":{"line":150,"column":2}},"53":{"start":{"line":149,"column":2},"end":{"line":149,"column":20}},"54":{"start":{"line":155,"column":0},"end":{"line":157,"column":3}},"55":{"start":{"line":156,"column":2},"end":{"line":156,"column":35}},"56":{"start":{"line":159,"column":0},"end":{"line":161,"column":2}},"57":{"start":{"line":160,"column":2},"end":{"line":160,"column":67}}},"branchMap":{"1":{"line":30,"type":"if","locations":[{"start":{"line":30,"column":2},"end":{"line":30,"column":2}},{"start":{"line":30,"column":2},"end":{"line":30,"column":2}}]},"2":{"line":32,"type":"binary-expr","locations":[{"start":{"line":32,"column":28},"end":{"line":32,"column":35}},{"start":{"line":32,"column":39},"end":{"line":32,"column":41}}]},"3":{"line":35,"type":"if","locations":[{"start":{"line":35,"column":2},"end":{"line":35,"column":2}},{"start":{"line":35,"column":2},"end":{"line":35,"column":2}}]},"4":{"line":37,"type":"if","locations":[{"start":{"line":37,"column":2},"end":{"line":37,"column":2}},{"start":{"line":37,"column":2},"end":{"line":37,"column":2}}]},"5":{"line":38,"type":"if","locations":[{"start":{"line":38,"column":4},"end":{"line":38,"column":4}},{"start":{"line":38,"column":4},"end":{"line":38,"column":4}}]},"6":{"line":43,"type":"if","locations":[{"start":{"line":43,"column":2},"end":{"line":43,"column":2}},{"start":{"line":43,"column":2},"end":{"line":43,"column":2}}]},"7":{"line":46,"type":"if","locations":[{"start":{"line":46,"column":2},"end":{"line":46,"column":2}},{"start":{"line":46,"column":2},"end":{"line":46,"column":2}}]},"8":{"line":50,"type":"if","locations":[{"start":{"line":50,"column":2},"end":{"line":50,"column":2}},{"start":{"line":50,"column":2},"end":{"line":50,"column":2}}]},"9":{"line":59,"type":"if","locations":[{"start":{"line":59,"column":2},"end":{"line":59,"column":2}},{"start":{"line":59,"column":2},"end":{"line":59,"column":2}}]},"10":{"line":59,"type":"binary-expr","locations":[{"start":{"line":59,"column":6},"end":{"line":59,"column":34}},{"start":{"line":59,"column":38},"end":{"line":59,"column":54}}]},"11":{"line":64,"type":"if","locations":[{"start":{"line":64,"column":2},"end":{"line":64,"column":2}},{"start":{"line":64,"column":2},"end":{"line":64,"column":2}}]},"12":{"line":66,"type":"if","locations":[{"start":{"line":66,"column":9},"end":{"line":66,"column":9}},{"start":{"line":66,"column":9},"end":{"line":66,"column":9}}]},"13":{"line":67,"type":"if","locations":[{"start":{"line":67,"column":4},"end":{"line":67,"column":4}},{"start":{"line":67,"column":4},"end":{"line":67,"column":4}}]},"14":{"line":77,"type":"if","locations":[{"start":{"line":77,"column":9},"end":{"line":77,"column":9}},{"start":{"line":77,"column":9},"end":{"line":77,"column":9}}]},"15":{"line":82,"type":"if","locations":[{"start":{"line":82,"column":2},"end":{"line":82,"column":2}},{"start":{"line":82,"column":2},"end":{"line":82,"column":2}}]},"16":{"line":123,"type":"if","locations":[{"start":{"line":123,"column":2},"end":{"line":123,"column":2}},{"start":{"line":123,"column":2},"end":{"line":123,"column":2}}]},"17":{"line":123,"type":"binary-expr","locations":[{"start":{"line":123,"column":6},"end":{"line":123,"column":27}},{"start":{"line":123,"column":31},"end":{"line":123,"column":65}},{"start":{"line":123,"column":69},"end":{"line":123,"column":84}}]},"18":{"line":127,"type":"binary-expr","locations":[{"start":{"line":127,"column":12},"end":{"line":127,"column":17}},{"start":{"line":127,"column":21},"end":{"line":127,"column":29}}]},"19":{"line":160,"type":"binary-expr","locations":[{"start":{"line":160,"column":9},"end":{"line":160,"column":17}},{"start":{"line":160,"column":21},"end":{"line":160,"column":40}},{"start":{"line":160,"column":44},"end":{"line":160,"column":66}}]}},"code":["/*","  Module dependencies","*/","","var parse = require('./parse'),","    _ = require('lodash');","","/*"," * The API"," */","","var api = [","  require('./api/attributes'),","  require('./api/traversing'),","  require('./api/manipulation'),","  require('./api/css')","];","","/*"," * A simple way to check for HTML strings or ID strings"," */","","var quickExpr = /^(?:[^#<]*(<[\\w\\W]+>)[^>]*$|#([\\w\\-]*)$)/;","","/*"," * Instance of cheerio"," */","","var Cheerio = module.exports = function(selector, context, root, options) {","  if (!(this instanceof Cheerio)) return new Cheerio(selector, context, root, options);","","  this.options = _.defaults(options || {}, this.options);","","  // $(), $(null), $(undefined), $(false)","  if (!selector) return this;","","  if (root) {","    if (typeof root === 'string') root = parse(root, this.options);","    this._root = Cheerio.call(this, root);","  }","","  // $($)","  if (selector.cheerio) return selector;","","  // $(dom)","  if (isNode(selector))","    selector = [selector];","","  // $([dom])","  if (Array.isArray(selector)) {","    _.forEach(selector, function(elem, idx) {","      this[idx] = elem;","    }, this);","    this.length = selector.length;","    return this;","  }","","  // $(<html>)","  if (typeof selector === 'string' && isHtml(selector)) {","    return Cheerio.call(this, parse(selector, this.options).children);","  }","","  // If we don't have a context, maybe we have a root, from loading","  if (!context) {","    context = this._root;","  } else if (typeof context === 'string') {","    if (isHtml(context)) {","      // $('li', '<ul>...</ul>')","      context = parse(context, this.options);","      context = Cheerio.call(this, context);","    } else {","      // $('li', 'ul')","      selector = [context, selector].join(' ');","      context = this._root;","    }","  // $('li', node), $('li', [nodes])","  } else if (!context.cheerio) {","    context = Cheerio.call(this, context);","  }","","  // If we still don't have a context, return","  if (!context) return this;","","  // #id, .class, tag","  return context.find(selector);","};","","/**"," * Mix in `static`"," */","","_.extend(Cheerio, require('./static'));","","/*"," * Set a signature of the object"," */","","Cheerio.prototype.cheerio = '[cheerio object]';","","/*"," * Cheerio default options"," */","","Cheerio.prototype.options = {","  withDomLvl1: true,","  normalizeWhitespace: false,","  xmlMode: false,","  encodeEntities: true","};","","/*"," * Make cheerio an array-like object"," */","","Cheerio.prototype.length = 0;","Cheerio.prototype.splice = Array.prototype.splice;","","/*"," * Check if string is HTML"," */","var isHtml = function(str) {","  // Faster than running regex, if str starts with `<` and ends with `>`, assume it's HTML","  if (str.charAt(0) === '<' && str.charAt(str.length - 1) === '>' && str.length >= 3) return true;","","  // Run the regex","  var match = quickExpr.exec(str);","  return !!(match && match[1]);","};","","/*"," * Make a cheerio object"," *"," * @api private"," */","","Cheerio.prototype._make = function(dom, context) {","  var cheerio = new Cheerio(dom, context, this._root, this.options);","  cheerio.prevObject = this;","  return cheerio;","};","","/**"," * Turn a cheerio object into an array"," *"," * @deprecated"," */","","Cheerio.prototype.toArray = function() {","  return this.get();","};","","/**"," * Plug in the API"," */","api.forEach(function(mod) {","  _.extend(Cheerio.prototype, mod);","});","","var isNode = function(obj) {","  return obj.name || obj.type === 'text' || obj.type === 'comment';","};",""],"l":{"5":1,"12":1,"23":1,"29":1,"30":0,"32":0,"35":0,"37":0,"38":0,"39":0,"43":0,"46":0,"47":0,"50":0,"51":0,"52":0,"54":0,"55":0,"59":0,"60":0,"64":0,"65":0,"66":0,"67":0,"69":0,"70":0,"73":0,"74":0,"77":0,"78":0,"82":0,"85":0,"92":1,"98":1,"104":1,"115":1,"116":1,"121":1,"123":0,"126":0,"127":0,"136":1,"137":0,"138":0,"139":0,"148":1,"149":0,"155":1,"156":4,"159":1,"160":0}},"/home/travis/build/npmtest/node-npmtest-whacko/node_modules/whacko/lib/parse.js":{"path":"/home/travis/build/npmtest/node-npmtest-whacko/node_modules/whacko/lib/parse.js","s":{"1":1,"2":1,"3":0,"4":0,"5":0,"6":0,"7":1,"8":0,"9":1,"10":0,"11":0,"12":0,"13":0,"14":0,"15":0,"16":0,"17":0,"18":0,"19":0,"20":0,"21":1,"22":0,"23":0,"24":0,"25":0,"26":0,"27":0,"28":0,"29":0,"30":0,"31":0,"32":0,"33":0,"34":0,"35":0,"36":0,"37":0,"38":0,"39":0,"40":0,"41":0,"42":0,"43":0,"44":0,"45":0},"b":{"1":[0,0],"2":[0,0],"3":[0,0],"4":[0,0],"5":[0,0],"6":[0,0],"7":[0,0],"8":[0,0],"9":[0,0],"10":[0,0],"11":[0,0],"12":[0,0],"13":[0,0],"14":[0,0],"15":[0,0],"16":[0,0],"17":[0,0],"18":[0,0]},"f":{"1":0,"2":0,"3":0,"4":0},"fnMap":{"1":{"name":"(anonymous_1)","line":10,"loc":{"start":{"line":10,"column":27},"end":{"line":10,"column":67}}},"2":{"name":"(anonymous_2)","line":22,"loc":{"start":{"line":22,"column":28},"end":{"line":22,"column":47}}},"3":{"name":"(anonymous_3)","line":29,"loc":{"start":{"line":29,"column":19},"end":{"line":29,"column":59}}},"4":{"name":"(anonymous_4)","line":56,"loc":{"start":{"line":56,"column":17},"end":{"line":56,"column":40}}}},"statementMap":{"1":{"start":{"line":4,"column":0},"end":{"line":4,"column":31}},"2":{"start":{"line":10,"column":0},"end":{"line":20,"column":2}},"3":{"start":{"line":11,"column":4},"end":{"line":11,"column":61}},"4":{"start":{"line":14,"column":4},"end":{"line":14,"column":64}},"5":{"start":{"line":17,"column":4},"end":{"line":17,"column":30}},"6":{"start":{"line":19,"column":4},"end":{"line":19,"column":16}},"7":{"start":{"line":22,"column":0},"end":{"line":27,"column":2}},"8":{"start":{"line":26,"column":4},"end":{"line":26,"column":72}},"9":{"start":{"line":29,"column":0},"end":{"line":51,"column":2}},"10":{"start":{"line":30,"column":4},"end":{"line":32,"column":7}},"11":{"start":{"line":33,"column":4},"end":{"line":33,"column":19}},"12":{"start":{"line":35,"column":4},"end":{"line":36,"column":37}},"13":{"start":{"line":36,"column":8},"end":{"line":36,"column":37}},"14":{"start":{"line":38,"column":4},"end":{"line":48,"column":5}},"15":{"start":{"line":40,"column":8},"end":{"line":43,"column":48}},"16":{"start":{"line":41,"column":12},"end":{"line":41,"column":40}},"17":{"start":{"line":43,"column":12},"end":{"line":43,"column":48}},"18":{"start":{"line":45,"column":8},"end":{"line":45,"column":27}},"19":{"start":{"line":47,"column":8},"end":{"line":47,"column":19}},"20":{"start":{"line":50,"column":4},"end":{"line":50,"column":19}},"21":{"start":{"line":56,"column":0},"end":{"line":101,"column":2}},"22":{"start":{"line":58,"column":4},"end":{"line":58,"column":41}},"23":{"start":{"line":58,"column":29},"end":{"line":58,"column":41}},"24":{"start":{"line":61,"column":4},"end":{"line":65,"column":5}},"25":{"start":{"line":62,"column":8},"end":{"line":62,"column":30}},"26":{"start":{"line":64,"column":8},"end":{"line":64,"column":22}},"27":{"start":{"line":68,"column":4},"end":{"line":98,"column":5}},"28":{"start":{"line":69,"column":8},"end":{"line":69,"column":26}},"29":{"start":{"line":72,"column":8},"end":{"line":73,"column":58}},"30":{"start":{"line":74,"column":8},"end":{"line":82,"column":9}},"31":{"start":{"line":75,"column":12},"end":{"line":75,"column":61}},"32":{"start":{"line":76,"column":12},"end":{"line":78,"column":13}},"33":{"start":{"line":77,"column":16},"end":{"line":77,"column":43}},"34":{"start":{"line":79,"column":12},"end":{"line":81,"column":13}},"35":{"start":{"line":80,"column":16},"end":{"line":80,"column":43}},"36":{"start":{"line":84,"column":8},"end":{"line":89,"column":9}},"37":{"start":{"line":85,"column":12},"end":{"line":85,"column":43}},"38":{"start":{"line":86,"column":12},"end":{"line":86,"column":43}},"39":{"start":{"line":88,"column":12},"end":{"line":88,"column":41}},"40":{"start":{"line":91,"column":8},"end":{"line":97,"column":9}},"41":{"start":{"line":92,"column":12},"end":{"line":92,"column":31}},"42":{"start":{"line":93,"column":12},"end":{"line":93,"column":31}},"43":{"start":{"line":95,"column":12},"end":{"line":95,"column":29}},"44":{"start":{"line":96,"column":12},"end":{"line":96,"column":33}},"45":{"start":{"line":100,"column":4},"end":{"line":100,"column":18}}},"branchMap":{"1":{"line":26,"type":"binary-expr","locations":[{"start":{"line":26,"column":11},"end":{"line":26,"column":41}},{"start":{"line":26,"column":45},"end":{"line":26,"column":71}}]},"2":{"line":35,"type":"if","locations":[{"start":{"line":35,"column":4},"end":{"line":35,"column":4}},{"start":{"line":35,"column":4},"end":{"line":35,"column":4}}]},"3":{"line":38,"type":"if","locations":[{"start":{"line":38,"column":4},"end":{"line":38,"column":4}},{"start":{"line":38,"column":4},"end":{"line":38,"column":4}}]},"4":{"line":40,"type":"if","locations":[{"start":{"line":40,"column":8},"end":{"line":40,"column":8}},{"start":{"line":40,"column":8},"end":{"line":40,"column":8}}]},"5":{"line":40,"type":"binary-expr","locations":[{"start":{"line":40,"column":12},"end":{"line":40,"column":22}},{"start":{"line":40,"column":26},"end":{"line":40,"column":56}}]},"6":{"line":58,"type":"if","locations":[{"start":{"line":58,"column":4},"end":{"line":58,"column":4}},{"start":{"line":58,"column":4},"end":{"line":58,"column":4}}]},"7":{"line":61,"type":"if","locations":[{"start":{"line":61,"column":4},"end":{"line":61,"column":4}},{"start":{"line":61,"column":4},"end":{"line":61,"column":4}}]},"8":{"line":72,"type":"binary-expr","locations":[{"start":{"line":72,"column":24},"end":{"line":72,"column":35}},{"start":{"line":72,"column":39},"end":{"line":72,"column":48}}]},"9":{"line":73,"type":"binary-expr","locations":[{"start":{"line":73,"column":26},"end":{"line":73,"column":35}},{"start":{"line":73,"column":39},"end":{"line":73,"column":57}}]},"10":{"line":74,"type":"if","locations":[{"start":{"line":74,"column":8},"end":{"line":74,"column":8}},{"start":{"line":74,"column":8},"end":{"line":74,"column":8}}]},"11":{"line":74,"type":"binary-expr","locations":[{"start":{"line":74,"column":12},"end":{"line":74,"column":23}},{"start":{"line":74,"column":27},"end":{"line":74,"column":46}}]},"12":{"line":76,"type":"if","locations":[{"start":{"line":76,"column":12},"end":{"line":76,"column":12}},{"start":{"line":76,"column":12},"end":{"line":76,"column":12}}]},"13":{"line":79,"type":"if","locations":[{"start":{"line":79,"column":12},"end":{"line":79,"column":12}},{"start":{"line":79,"column":12},"end":{"line":79,"column":12}}]},"14":{"line":84,"type":"if","locations":[{"start":{"line":84,"column":8},"end":{"line":84,"column":8}},{"start":{"line":84,"column":8},"end":{"line":84,"column":8}}]},"15":{"line":85,"type":"binary-expr","locations":[{"start":{"line":85,"column":24},"end":{"line":85,"column":34}},{"start":{"line":85,"column":38},"end":{"line":85,"column":42}}]},"16":{"line":86,"type":"binary-expr","locations":[{"start":{"line":86,"column":24},"end":{"line":86,"column":34}},{"start":{"line":86,"column":38},"end":{"line":86,"column":42}}]},"17":{"line":91,"type":"if","locations":[{"start":{"line":91,"column":8},"end":{"line":91,"column":8}},{"start":{"line":91,"column":8},"end":{"line":91,"column":8}}]},"18":{"line":91,"type":"binary-expr","locations":[{"start":{"line":91,"column":12},"end":{"line":91,"column":18}},{"start":{"line":91,"column":22},"end":{"line":91,"column":44}}]}},"code":["/*"," Module Dependencies"," */","var parse5 = require('parse5');","","","/*"," Parser"," */","exports = module.exports = function (content, options, isDocument) {","    var dom = exports.evaluate(content, options, isDocument);","","    // Generic root element","    var root = parse5.TreeAdapters.htmlparser2.createDocument();","","    // Update the dom using the root","    exports.update(dom, root);","","    return root;","};","","var shouldParseAsDocument = function (content) {","    //NOTE: if evaluate was called in fragment parsing mode, but doctype or <html> tag was passed","    //we should switch to document parsing mode. This is a pretty simple heuristic, e.g. we don't expect","    //comments at the beginning of the content.","    return /^\\s*<!doctype/i.test(content) || /^\\s*<html/i.test(content);","};","","exports.evaluate = function (content, options, isDocument) {","    var parser = new parse5.Parser(parse5.TreeAdapters.htmlparser2, {","        decodeHtmlEntities: options.decodeHtmlEntities !== false","    });","    var dom = null;","","    if (Buffer.isBuffer(content))","        content = content.toString();","","    if (typeof content === 'string') {","","        if (isDocument || shouldParseAsDocument(content))","            dom = parser.parse(content);","        else","            dom = parser.parseFragment(content);","","        dom = dom.children;","","        return dom;","    }","","    return content;","};","","/*"," Update the dom structure, for one changed layer"," */","exports.update = function (arr, parent) {","    // normalize","    if (!Array.isArray(arr)) arr = [arr];","","    // Update parent","    if (parent) {","        parent.children = arr;","    } else {","        parent = null;","    }","","    // Update neighbors","    for (var i = 0; i < arr.length; i++) {","        var node = arr[i];","","        // Cleanly remove existing nodes from their previous structures.","        var oldParent = node.parent || node.root,","            oldSiblings = oldParent && oldParent.children;","        if (oldSiblings && oldSiblings !== arr) {","            oldSiblings.splice(oldSiblings.indexOf(node), 1);","            if (node.prev) {","                node.prev.next = node.next;","            }","            if (node.next) {","                node.next.prev = node.prev;","            }","        }","","        if (parent) {","            node.prev = arr[i - 1] || null;","            node.next = arr[i + 1] || null;","        } else {","            node.prev = node.next = null;","        }","","        if (parent && parent.type === 'root') {","            node.root = parent;","            node.parent = null;","        } else {","            node.root = null;","            node.parent = parent;","        }","    }","","    return parent;","};","","// module.exports = $.extend(exports);",""],"l":{"4":1,"10":1,"11":0,"14":0,"17":0,"19":0,"22":1,"26":0,"29":1,"30":0,"33":0,"35":0,"36":0,"38":0,"40":0,"41":0,"43":0,"45":0,"47":0,"50":0,"56":1,"58":0,"61":0,"62":0,"64":0,"68":0,"69":0,"72":0,"74":0,"75":0,"76":0,"77":0,"79":0,"80":0,"84":0,"85":0,"86":0,"88":0,"91":0,"92":0,"93":0,"95":0,"96":0,"100":0}},"/home/travis/build/npmtest/node-npmtest-whacko/node_modules/whacko/lib/api/attributes.js":{"path":"/home/travis/build/npmtest/node-npmtest-whacko/node_modules/whacko/lib/api/attributes.js","s":{"1":1,"2":1,"3":0,"4":0,"5":0,"6":0,"7":0,"8":0,"9":0,"10":0,"11":1,"12":0,"13":0,"14":0,"15":1,"16":0,"17":0,"18":0,"19":0,"20":0,"21":0,"22":0,"23":0,"24":0,"25":0,"26":0,"27":0,"28":1,"29":0,"30":0,"31":0,"32":0,"33":0,"34":0,"35":1,"36":0,"37":0,"38":0,"39":0,"40":0,"41":0,"42":0,"43":0,"44":0,"45":0,"46":0,"47":0,"48":0,"49":0,"50":0,"51":0,"52":0,"53":0,"54":0,"55":0,"56":0,"57":0,"58":1,"59":0,"60":0,"61":0,"62":0,"63":0,"64":0,"65":0,"66":0,"67":0,"68":0,"69":0,"70":0,"71":0,"72":0,"73":1,"74":0,"75":0,"76":0,"77":0,"78":0,"79":0,"80":0,"81":0,"82":0,"83":0,"84":0,"85":0,"86":0,"87":0,"88":0,"89":0,"90":0,"91":0,"92":0,"93":0,"94":0,"95":0,"96":0,"97":0,"98":0,"99":0,"100":0,"101":0,"102":0,"103":0,"104":0,"105":0,"106":0,"107":0,"108":0,"109":0,"110":0,"111":0,"112":0,"113":0,"114":0,"115":0,"116":1,"117":0,"118":0,"119":0,"120":1,"121":0,"122":0,"123":0,"124":1,"125":0,"126":0,"127":0,"128":0,"129":0,"130":0,"131":0,"132":1,"133":0,"134":0,"135":0,"136":0,"137":0,"138":0,"139":0,"140":0,"141":0,"142":0,"143":0,"144":0,"145":0,"146":0,"147":0,"148":0,"149":0,"150":0,"151":0,"152":0,"153":0,"154":1,"155":0,"156":1,"157":0,"158":0,"159":0,"160":0,"161":0,"162":0,"163":0,"164":0,"165":0,"166":0,"167":0,"168":0,"169":0,"170":0,"171":0,"172":0,"173":0,"174":0,"175":0,"176":0,"177":0,"178":1,"179":0,"180":0,"181":0,"182":0,"183":0,"184":0,"185":0,"186":0,"187":0,"188":0,"189":0,"190":0,"191":0,"192":0,"193":0,"194":0,"195":0,"196":0,"197":1,"198":0,"199":0,"200":0},"b":{"1":[0,0],"2":[0,0],"3":[0,0],"4":[0,0],"5":[0,0],"6":[0,0],"7":[0,0],"8":[0,0],"9":[0,0],"10":[0,0],"11":[0,0],"12":[0,0],"13":[0,0],"14":[0,0],"15":[0,0],"16":[0,0],"17":[0,0],"18":[0,0],"19":[0,0],"20":[0,0],"21":[0,0],"22":[0,0],"23":[0,0],"24":[0,0],"25":[0,0],"26":[0,0],"27":[0,0],"28":[0,0],"29":[0,0],"30":[0,0],"31":[0,0,0,0],"32":[0,0],"33":[0,0],"34":[0,0],"35":[0,0],"36":[0,0],"37":[0,0],"38":[0,0],"39":[0,0],"40":[0,0],"41":[0,0],"42":[0,0],"43":[0,0],"44":[0,0],"45":[0,0],"46":[0,0],"47":[0,0],"48":[0,0,0,0],"49":[0,0],"50":[0,0],"51":[0,0],"52":[0,0],"53":[0,0],"54":[0,0],"55":[0,0],"56":[0,0],"57":[0,0],"58":[0,0],"59":[0,0],"60":[0,0],"61":[0,0],"62":[0,0],"63":[0,0],"64":[0,0],"65":[0,0],"66":[0,0],"67":[0,0],"68":[0,0],"69":[0,0],"70":[0,0],"71":[0,0],"72":[0,0],"73":[0,0],"74":[0,0]},"f":{"1":0,"2":0,"3":0,"4":0,"5":0,"6":0,"7":0,"8":0,"9":0,"10":0,"11":0,"12":0,"13":0,"14":0,"15":0,"16":0,"17":0,"18":0,"19":0,"20":0,"21":0,"22":0,"23":0,"24":0,"25":0,"26":0,"27":0,"28":0},"fnMap":{"1":{"name":"(anonymous_1)","line":25,"loc":{"start":{"line":25,"column":14},"end":{"line":25,"column":35}}},"2":{"name":"(anonymous_2)","line":43,"loc":{"start":{"line":43,"column":14},"end":{"line":43,"column":40}}},"3":{"name":"(anonymous_3)","line":52,"loc":{"start":{"line":52,"column":15},"end":{"line":52,"column":37}}},"4":{"name":"(anonymous_4)","line":56,"loc":{"start":{"line":56,"column":27},"end":{"line":56,"column":43}}},"5":{"name":"(anonymous_5)","line":60,"loc":{"start":{"line":60,"column":25},"end":{"line":60,"column":41}}},"6":{"name":"(anonymous_6)","line":64,"loc":{"start":{"line":64,"column":21},"end":{"line":64,"column":41}}},"7":{"name":"(anonymous_7)","line":76,"loc":{"start":{"line":76,"column":14},"end":{"line":76,"column":40}}},"8":{"name":"(anonymous_8)","line":89,"loc":{"start":{"line":89,"column":15},"end":{"line":89,"column":34}}},"9":{"name":"(anonymous_9)","line":94,"loc":{"start":{"line":94,"column":46},"end":{"line":94,"column":65}}},"10":{"name":"(anonymous_10)","line":97,"loc":{"start":{"line":97,"column":27},"end":{"line":97,"column":45}}},"11":{"name":"(anonymous_11)","line":126,"loc":{"start":{"line":126,"column":15},"end":{"line":126,"column":37}}},"12":{"name":"(anonymous_12)","line":142,"loc":{"start":{"line":142,"column":18},"end":{"line":142,"column":34}}},"13":{"name":"(anonymous_13)","line":157,"loc":{"start":{"line":157,"column":14},"end":{"line":157,"column":30}}},"14":{"name":"(anonymous_14)","line":211,"loc":{"start":{"line":211,"column":24},"end":{"line":211,"column":40}}},"15":{"name":"(anonymous_15)","line":229,"loc":{"start":{"line":229,"column":22},"end":{"line":229,"column":43}}},"16":{"name":"(anonymous_16)","line":237,"loc":{"start":{"line":237,"column":21},"end":{"line":237,"column":36}}},"17":{"name":"(anonymous_17)","line":238,"loc":{"start":{"line":238,"column":16},"end":{"line":238,"column":34}}},"18":{"name":"(anonymous_18)","line":245,"loc":{"start":{"line":245,"column":19},"end":{"line":245,"column":39}}},"19":{"name":"(anonymous_19)","line":246,"loc":{"start":{"line":246,"column":21},"end":{"line":246,"column":36}}},"20":{"name":"(anonymous_20)","line":265,"loc":{"start":{"line":265,"column":19},"end":{"line":265,"column":35}}},"21":{"name":"(anonymous_21)","line":268,"loc":{"start":{"line":268,"column":25},"end":{"line":268,"column":41}}},"22":{"name":"(anonymous_22)","line":310,"loc":{"start":{"line":310,"column":17},"end":{"line":310,"column":37}}},"23":{"name":"(anonymous_23)","line":314,"loc":{"start":{"line":314,"column":22},"end":{"line":314,"column":38}}},"24":{"name":"(anonymous_24)","line":321,"loc":{"start":{"line":321,"column":25},"end":{"line":321,"column":41}}},"25":{"name":"(anonymous_25)","line":332,"loc":{"start":{"line":332,"column":23},"end":{"line":332,"column":39}}},"26":{"name":"(anonymous_26)","line":362,"loc":{"start":{"line":362,"column":22},"end":{"line":362,"column":48}}},"27":{"name":"(anonymous_27)","line":365,"loc":{"start":{"line":365,"column":25},"end":{"line":365,"column":41}}},"28":{"name":"(anonymous_28)","line":410,"loc":{"start":{"line":410,"column":13},"end":{"line":410,"column":33}}}},"statementMap":{"1":{"start":{"line":1,"column":0},"end":{"line":22,"column":43}},"2":{"start":{"line
[...]
12},"end":{"line":104,"column":42}},"37":{"start":{"line":105,"column":13},"end":{"line":108,"column":39}},"38":{"start":{"line":106,"column":12},"end":{"line":106,"column":40}},"39":{"start":{"line":108,"column":12},"end":{"line":108,"column":39}},"40":{"start":{"line":110,"column":8},"end":{"line":111,"column":51}},"41":{"start":{"line":111,"column":12},"end":{"line":111,"column":51}},"42":{"start":{"line":113,"column":8},"end":{"line":117,"column":9}},"43":{"start":{"line":114,"column":12},"end":{"line":116,"column":13}},"44":{"start":{"line":115,"column":16},"end":{"line":115,"column":50}},"45":{"start":{"line":120,"column":8},"end":{"line":120,"column":26}},"46":{"start":{"line":123,"column":4},"end":{"line":123,"column":18}},"47":{"start":{"line":126,"column":0},"end":{"line":128,"column":2}},"48":{"start":{"line":127,"column":4},"end":{"line":127,"column":71}},"49":{"start":{"line":130,"column":0},"end":{"line":143,"column":2}},"50":{"start":{"line":131,"column":4},"end":{"line":132,"column":44}},"51":{"start":{"line":134,"column":4},"end":{"line":136,"column":5}},"52":{"start":{"line":135,"column":8},"end":{"line":135,"column":29}},"53":{"start":{"line":138,"column":4},"end":{"line":140,"column":5}},"54":{"start":{"line":139,"column":8},"end":{"line":139,"column":19}},"55":{"start":{"line":142,"column":4},"end":{"line":142,"column":21}},"56":{"start":{"line":145,"column":0},"end":{"line":147,"column":2}},"57":{"start":{"line":146,"column":4},"end":{"line":146,"column":33}},"58":{"start":{"line":149,"column":0},"end":{"line":151,"column":2}},"59":{"start":{"line":150,"column":4},"end":{"line":150,"column":27}},"60":{"start":{"line":153,"column":0},"end":{"line":155,"column":2}},"61":{"start":{"line":154,"column":4},"end":{"line":154,"column":55}},"62":{"start":{"line":157,"column":0},"end":{"line":159,"column":2}},"63":{"start":{"line":158,"column":4},"end":{"line":158,"column":38}}},"branchMap":{"1":{"line":19,"type":"if","locations":[{"start":{"line":19,"column":4},"end":{"line":19,"column":4}},{"start":{"line":19,"column":4},"end":{"line":19,"column":4}}]},"2":{"line":27,"type":"if","locations":[{"start":{"line":27,"column":8},"end":{"line":27,"column":8}},{"start":{"line":27,"column":8},"end":{"line":27,"column":8}}]},"3":{"line":31,"type":"if","locations":[{"start":{"line":31,"column":8},"end":{"line":31,"column":8}},{"start":{"line":31,"column":8},"end":{"line":31,"column":8}}]},"4":{"line":31,"type":"binary-expr","locations":[{"start":{"line":31,"column":12},"end":{"line":31,"column":18}},{"start":{"line":31,"column":23},"end":{"line":31,"column":41}},{"start":{"line":31,"column":45},"end":{"line":31,"column":56}}]},"5":{"line":75,"type":"binary-expr","locations":[{"start":{"line":75,"column":11},"end":{"line":75,"column":15}},{"start":{"line":75,"column":19},"end":{"line":75,"column":21}}]},"6":{"line":80,"type":"if","locations":[{"start":{"line":80,"column":4},"end":{"line":80,"column":4}},{"start":{"line":80,"column":4},"end":{"line":80,"column":4}}]},"7":{"line":80,"type":"binary-expr","locations":[{"start":{"line":80,"column":8},"end":{"line":80,"column":27}},{"start":{"line":80,"column":31},"end":{"line":80,"column":43}}]},"8":{"line":81,"type":"cond-expr","locations":[{"start":{"line":81,"column":37},"end":{"line":81,"column":49}},{"start":{"line":81,"column":52},"end":{"line":81,"column":57}}]},"9":{"line":83,"type":"if","locations":[{"start":{"line":83,"column":4},"end":{"line":83,"column":4}},{"start":{"line":83,"column":4},"end":{"line":83,"column":4}}]},"10":{"line":99,"type":"if","locations":[{"start":{"line":99,"column":8},"end":{"line":99,"column":8}},{"start":{"line":99,"column":8},"end":{"line":99,"column":8}}]},"11":{"line":101,"type":"if","locations":[{"start":{"line":101,"column":13},"end":{"line":101,"column":13}},{"start":{"line":101,"column":13},"end":{"line":101,"column":13}}]},"12":{"line":103,"type":"if","locations":[{"start":{"line":103,"column":13},"end":{"line":103,"column":13}},{"start":{"line":103,"column":13},"end":{"line":103,"column":13}}]},"13":{"line":105,"type":"if","locations":[{"start":{"line":105,"column":13},"end":{"line":105,"column":13}},{"start":{"line":105,"column":13},"end":{"line":105,"column":13}}]},"14":{"line":110,"type":"if","locations":[{"start":{"line":110,"column":8},"end":{"line":110,"column":8}},{"start":{"line":110,"column":8},"end":{"line":110,"column":8}}]},"15":{"line":110,"type":"binary-expr","locations":[{"start":{"line":110,"column":12},"end":{"line":110,"column":25}},{"start":{"line":110,"column":29},"end":{"line":110,"column":50}}]},"16":{"line":113,"type":"if","locations":[{"start":{"line":113,"column":8},"end":{"line":113,"column":8}},{"start":{"line":113,"column":8},"end":{"line":113,"column":8}}]},"17":{"line":113,"type":"binary-expr","locations":[{"start":{"line":113,"column":12},"end":{"line":113,"column":17}},{"start":{"line":113,"column":22},"end":{"line":113,"column":43}},{"start":{"line":113,"column":47},"end":{"line":113,"column":54}}]},"18":{"line":114,"type":"if","locations":[{"start":{"line":114,"column":12},"end":{"line":114,"column":12}},{"start":{"line":114,"column":12},"end":{"line":114,"column":12}}]},"19":{"line":127,"type":"binary-expr","locations":[{"start":{"line":127,"column":12},"end":{"line":127,"column":19}},{"start":{"line":127,"column":24},"end":{"line":127,"column":38}},{"start":{"line":127,"column":42},"end":{"line":127,"column":68}}]},"20":{"line":134,"type":"if","locations":[{"start":{"line":134,"column":4},"end":{"line":134,"column":4}},{"start":{"line":134,"column":4},"end":{"line":134,"column":4}}]},"21":{"line":138,"type":"if","locations":[{"start":{"line":138,"column":4},"end":{"line":138,"column":4}},{"start":{"line":138,"column":4},"end":{"line":138,"column":4}}]},"22":{"line":150,"type":"binary-expr","locations":[{"start":{"line":150,"column":11},"end":{"line":150,"column":20}},{"start":{"line":150,"column":24},"end":{"line":150,"column":26}}]}},"code":["/*"," Module dependencies"," */","var parse5 = require('parse5');","var _ = require('lodash');","var utils = require('./utils');","","var encode = utils.encode;","","/*"," Boolean Attributes"," */","var rboolean = /^(?:autofocus|autoplay|async|checked|controls|defer|disabled|hidden|loop|multiple|open|readonly|required|scoped|selected)$/i;","","/*"," Format attributes"," */","var formatAttrs = function (attributes) {","    if (!attributes) return;","","    var output = '',","        value;","","    // Loop through the attributes","    for (var key in attributes) {","        value = attributes[key];","        if (output) {","            output += ' ';","        }","","        if (!value && (rboolean.test(key) || key === '/')) {","            output += key;","        } else {","            output += key + '=\"' + encode(value) + '\"';","        }","    }","","    return output;","};","","/*"," Self-enclosing tags (stolen from node-htmlparser)"," */","var singleTag = {","    area: 1,","    base: 1,","    basefont: 1,","    br: 1,","    col: 1,","    frame: 1,","    hr: 1,","    img: 1,","    input: 1,","    isindex: 1,","    link: 1,","    meta: 1,","    param: 1,","    embed: 1,","    include: 1,","    'yield': 1","};","","/*"," Tag types from htmlparser"," */","var tagType = {","    tag: 1,","    script: 1,","    link: 1,","    style: 1,","    template: 1","};","","var render = module.exports = function (dom, opts) {","    opts = opts || {};","    var serializer = new parse5.TreeSerializer(parse5.TreeAdapters.htmlparser2, {","        encodeHtmlEntities: opts.encodeEntities","    });","","    if (!Array.isArray(dom) && !dom.cheerio)","        dom = dom.type === 'root' ?  dom.children : [dom];","","    if (!opts.xmlMode) {","        return serializer.serialize({","            type: 'fake-root',","            name: 'fake-root',","            children: dom","        });","    }","","","    var output = '',","        xmlMode = opts.xmlMode;","","    _.each(dom, function (elem) {","        var isTag = tagType[elem.type];","","        var pushVal;","        if (isTag)","            pushVal = renderTag(elem, xmlMode);","        else if (elem.type === 'directive')","            pushVal = renderDirective(elem);","        else if (elem.type === 'comment')","            pushVal = renderComment(elem);","        else if (elem.type === 'cdata')","            pushVal = renderCdata(elem);","        else","            pushVal = renderText(elem);","","        if (elem.children && elem.type !== 'cdata')","            pushVal += render(elem.children, opts);","","        if (isTag && (!singleTag[elem.name] || xmlMode)) {","            if (!isClosedTag(elem, xmlMode)) {","                pushVal += '</' + elem.name + '>';","            }","        }","","        // Push rendered DOM node","        output += pushVal;","    });","","    return output;","};","","var isClosedTag = function (elem, xmlMode) {","    return (xmlMode && (!elem.children || elem.children.length === 0));","};","","var renderTag = function (elem, xmlMode) {","    var tag = '<' + elem.name,","        attribs = formatAttrs(elem.attribs);","","    if (attribs) {","        tag += ' ' + attribs;","    }","","    if (isClosedTag(elem, xmlMode)) {","        tag += '/';","    }","","    return tag + '>';","};","","var renderDirective = function (elem) {","    return '<' + elem.data + '>';","};","","var renderText = function (elem) {","    return elem.data || '';","};","","var renderCdata = function (elem) {","    return '<![CDATA[' + elem.children[0].data + ']]>';","};","","var renderComment = function (elem) {","    return '<!--' + elem.data + '-->';","};","","// module.exports = $.extend(exports);",""],"l":{"4":1,"5":1,"6":1,"8":1,"13":1,"18":1,"19":0,"21":0,"25":0,"26":0,"27":0,"28":0,"31":0,"32":0,"34":0,"38":0,"44":1,"66":1,"74":1,"75":0,"76":0,"80":0,"81":0,"83":0,"84":0,"92":0,"95":0,"96":0,"98":0,"99":0,"100":0,"101":0,"102":0,"103":0,"104":0,"105":0,"106":0,"108":0,"110":0,"111":0,"113":0,"114":0,"115":0,"120":0,"123":0,"126":1,"127":0,"130":1,"131":0,"134":0,"135":0,"138":0,"139":0,"142":0,"145":1,"146":0,"149":1,"150":0,"153":1,"154":0,"157":1,"158":0}},"/home/travis/build/npmtest/node-npmtest-whacko/node_modules/whacko/lib/api/css.js":{"path":"/home/travis/build/npmtest/node-npmtest-whacko/node_modules/whacko/lib/api/css.js","s":{"1":1,"2":1,"3":1,"4":0,"5":0,"6":0,"7":0,"8":1,"9":0,"10":0,"11":0,"12":0,"13":0,"14":0,"15":0,"16":0,"17":0,"18":0,"19":0,"20":0,"21":1,"22":0,"23":0,"24":0,"25":0,"26":0,"27":0,"28":1,"29":0,"30":0,"31":1,"32":0,"33":0,"34":0,"35":0,"36":0,"37":0,"38":0,"39":0,"40":0},"b":{"1":[0,0],"2":[0,0],"3":[0,0],"4":[0,0],"5":[0,0],"6":[0,0],"7":[0,0],"8":[0,0],"9":[0,0],"10":[0,0],"11":[0,0],"12":[0,0],"13":[0,0],"14":[0,0],"15":[0,0]},"f":{"1":0,"2":0,"3":0,"4":0,"5":0,"6":0,"7":0,"8":0,"9":0},"fnMap":{"1":{"name":"(anonymous_1)","line":14,"loc":{"start":{"line":14,"column":14},"end":{"line":14,"column":34}}},"2":{"name":"(anonymous_2)","line":18,"loc":{"start":{"line":18,"column":25},"end":{"line":18,"column":43}}},"3":{"name":"setCss","line":36,"loc":{"start":{"line":36,"column":0},"end":{"line":36,"column":36}}},"4":{"name":"(anonymous_4)","line":51,"loc":{"start":{"line":51,"column":30},"end":{"line":51,"column":41}}},"5":{"name":"getCss","line":65,"loc":{"start":{"line":65,"column":0},"end":{"line":65,"column":26}}},"6":{"name":"stringify","line":84,"loc":{"start":{"line":84,"column":0},"end":{"line":84,"column":24}}},"7":{"name":"(anonymous_7)","line":86,"loc":{"start":{"line":86,"column":12},"end":{"line":86,"column":31}}},"8":{"name":"parse","line":104,"loc":{"start":{"line":104,"column":0},"end":{"line":104,"column":23}}},"9":{"name":"(anonymous_9)","line":111,"loc":{"start":{"line":111,"column":12},"end":{"line":111,"column":30}}}},"statementMap":{"1":{"start":{"line":1,"column":0},"end":{"line":2,"column":42}},"2":{"start":{"line":3,"column":0},"end":{"line":3,"column":41}},"3":{"start":{"line":14,"column":0},"end":{"line":24,"column":2}},"4":{"start":{"line":15,"column":2},"end":{"line":23,"column":3}},"5":{"start":{"line":18,"column":4},"end":{"line":20,"column":7}},"6":{"start":{"line":19,"column":6},"end":{"line":19,"column":33}},"7":{"start":{"line":22,"column":4},"end":{"line":22,"column":33}},"8":{"start":{"line":36,"column":0},"end":{"line":55,"column":1}},"9":{"start":{"line":37,"column":2},"end":{"line":54,"column":3}},"10":{"start":{"line":38,"column":4},"end":{"line":38,"column":28}},"11":{"start":{"line":39,"column":4},"end":{"line":41,"column":5}},"12":{"start":{"line":40,"column":6},"end":{"line":40,"column":34}},"13":{"start":{"line":43,"column":4},"end":{"line":47,"column":5}},"14":{"start":{"line":44,"column":6},"end":{"line":44,"column":26}},"15":{"start":{"line":45,"column":11},"end":{"line":47,"column":5}},"16":{"start":{"line":46,"column":6},"end":{"line":46,"column":25}},"17":{"start":{"line":49,"column":4},"end":{"line":49,"column":41}},"18":{"start":{"line":50,"column":9},"end":{"line":54,"column":3}},"19":{"start":{"line":51,"column":4},"end":{"line":53,"column":7}},"20":{"start":{"line":52,"column":6},"end":{"line":52,"column":29}},"21":{"start":{"line":65,"column":0},"end":{"line":74,"column":1}},"22":{"start":{"line":66,"column":2},"end":{"line":66,"column":39}},"23":{"start":{"line":67,"column":2},"end":{"line":73,"column":3}},"24":{"start":{"line":68,"column":4},"end":{"line":68,"column":24}},"25":{"start":{"line":69,"column":9},"end":{"line":73,"column":3}},"26":{"start":{"line":70,"column":4},"end":{"line":70,"column":32}},"27":{"start":{"line":72,"column":4},"end":{"line":72,"column":18}},"28":{"start":{"line":84,"column":0},"end":{"line":94,"column":1}},"29":{"start":{"line":85,"column":2},"end":{"line":93,"column":11}},"30":{"start":{"line":87,"column":6},"end":{"line":92,"column":14}},"31":{"start":{"line":104,"column":0},"end":{"line":118,"column":1}},"32":{"start":{"line":105,"column":2},"end":{"line":105,"column":33}},"33":{"start":{"line":107,"column":2},"end":{"line":107,"column":25}},"34":{"start":{"line":107,"column":15},"end":{"line":107,"column":25}},"35":{"start":{"line":109,"column":2},"end":{"line":117,"column":11}},"36":{"start":{"line":112,"column":6},"end":{"line":112,"column":31}},"37":{"start":{"line":114,"column":6},"end":{"line":114,"column":50}},"38":{"start":{"line":114,"column":39},"end":{"line":114,"column":50}},"39":{"start":{"line":115,"column":6},"end":{"line":115,"column":57}},"40":{"start":{"line":116,"column":6},"end":{"line":116,"column":17}}},"branchMap":{"1":{"line":15,"type":"if","locations":[{"start":{"line":15,"column":2},"end":{"line":15,"column":2}},{"start":{"line":15,"column":2},"end":{"line":15,"column":2}}]},"2":{"line":15,"type":"binary-expr","locations":[{"start":{"line":15,"column":6},"end":{"line":15,"column":28}},{"start":{"line":17,"column":5},"end":{"line":17,"column":46}}]},"3":{"line":37,"type":"if","locations":[{"start":{"line":37,"column":2},"end":{"line":37,"column":2}},{"start":{"line":37,"column":2},"end":{"line":37,"column":2}}]},"4":{"line":39,"type":"if","locations":[{"start":{"line":39,"column":4},"end":{"line":39,"column":4}},{"start":{"line":39,"column":4},"end":{"line":39,"column":4}}]},"5":{"line":43,"type":"if","locations":[{"start":{"line":43,"column":4},"end":{"line":43,"column":4}},{"start":{"line":43,"column":4},"end":{"line":43,"column":4}}]},"6":{"line":45,"type":"if","locations":[{"start":{"line":45,"column":11},"end":{"line":45,"column":11}},{"start":{"line":45,"column":11},"end":{"line":45,"column":11}}]},"7":{"line":50,"type":"if","locations":[{"start":{"line":50,"column":9},"end":{"line":50,"column":9}},{"start":{"line":50,"column":9},"end":{"line":50,"column":9}}]},"8":{"line":67,"type":"if","locations":[{"start":{"line":67,"column":2},"end":{"line":67,"column":2}},{"start":{"line":67,"column":2},"end":{"line":67,"column":2}}]},"9":{"line":69,"type":"if","locations":[{"start":{"line":69,"column":9},"end":{"line":69,"column":9}},{"start":{"line":69,"column":9},"end":{"line":69,"column":9}}]},"10":{"line":85,"type":"binary-expr","locations":[{"start":{"line":85,"column":21},"end":{"line":85,"column":24}},{"start":{"line":85,"column":28},"end":{"line":85,"column":30}}]},"11":{"line":88,"type":"cond-expr","locations":[{"start":{"line":88,"column":17},"end":{"line":88,"column":20}},{"start":{"line":88,"column":23},"end":{"line":88,"column":25}}]},"12":{"line":105,"type":"binary-expr","locations":[{"start":{"line":105,"column":12},"end":{"line":105,"column":18}},{"start":{"line":105,"column":22},"end":{"line":105,"column":24}}]},"13":{"line":107,"type":"if","locations":[{"start":{"line":107,"column":2},"end":{"line":107,"column":2}},{"start":{"line":107,"column":2},"end":{"line":107,"column":2}}]},"14":{"line":114,"type":"if","locations":[{"start":{"line":114,"column":6},"end":{"line":114,"column":6}},{"start":{"line":114,"column":6},"end":{"line":114,"column":6}}]},"15":{"line":114,"type":"binary-expr","locations":[{"start":{"line":114,"column":10},"end":{"line":114,"column":15}},{"start":{"line":114,"column":19},"end":{"line":114,"column":37}}]}},"code":["var _ = require('lodash'),","    domEach = require('../utils').domEach;","var toString = Object.prototype.toString;","","/**"," * Set / Get css."," *"," * @param {String|Object} prop"," * @param {String} val"," * @return {self}"," * @api public"," */","","exports.css = function(prop, val) {","  if (arguments.length === 2 ||","    // When `prop` is a \"plain\" object","    (toString.call(prop) === '[object Object]')) {","    return domEach(this, function(idx, el) {","      setCss(el, prop, val, idx);","    });","  } else {","    return getCss(this[0], prop);","  }","};","","/**"," * Set styles of all elements."," *"," * @param {String|Object} prop"," * @param {String} val"," * @param {Number} idx - optional index within the selection"," * @return {self}"," * @api private"," */","","function setCss(el, prop, val, idx) {","  if ('string' == typeof prop) {","    var styles = getCss(el);","    if (typeof val === 'function') {","      val = val.call(el, idx, el);","    }","","    if (val === '') {","      delete styles[prop];","    } else if (val != null) {","      styles[prop] = val;","    }","","    el.attribs.style = stringify(styles);","  } else if ('object' == typeof prop) {","    Object.keys(prop).forEach(function(k){","      setCss(el, k, prop[k]);","    });","  }","}","","/**"," * Get parsed styles of the first element."," *"," * @param {String} prop"," * @return {Object}"," * @api private"," */","","function getCss(el, prop) {","  var styles = parse(el.attribs.style);","  if (typeof prop === 'string') {","    return styles[prop];","  } else if (Array.isArray(prop)) {","    return _.pick(styles, prop);","  } else {","    return styles;","  }","}","","/**"," * Stringify `obj` to styles."," *"," * @param {Object} obj"," * @return {Object}"," * @api private"," */","","function stringify(obj) {","  return Object.keys(obj || {})","    .reduce(function(str, prop){","      return str += ''","        + (str ? ' ' : '')","        + prop","        + ': '","        + obj[prop]","        + ';';","    }, '');","}","","/**"," * Parse `styles`."," *"," * @param {String} styles"," * @return {Object}"," * @api private"," */","","function parse(styles) {","  styles = (styles || '').trim();","","  if (!styles) return {};","","  return styles","    .split(';')","    .reduce(function(obj, str){","      var n = str.indexOf(':');","      // skip if there is no :, or if it is the first/last character","      if (n < 1 || n === str.length-1) return obj;","      obj[str.slice(0,n).trim()] = str.slice(n+1).trim();","      return obj;","    }, {});","}",""],"l":{"1":1,"3":1,"14":1,"15":0,"18":0,"19":0,"22":0,"36":1,"37":0,"38":0,"39":0,"40":0,"43":0,"44":0,"45":0,"46":0,"49":0,"50":0,"51":0,"52":0,"65":1,"66":0,"67":0,"68":0,"69":0,"70":0,"72":0,"84":1,"85":0,"87":0,"104":1,"105":0,"107":0,"109":0,"112":0,"114":0,"115":0,"116":0}}}